\BOOKMARK [0][-]{chapter.1}{Introduction}{}% 1
\BOOKMARK [0][-]{chapter.2}{Theory}{}% 2
\BOOKMARK [1][-]{section.2.1}{Recurrent Neural Networks}{chapter.2}% 3
\BOOKMARK [1][-]{section.2.2}{Vanishing Gradient Problem}{chapter.2}% 4
\BOOKMARK [1][-]{section.2.3}{Long Short-Term Memory \(LSTM\)}{chapter.2}% 5
\BOOKMARK [1][-]{section.2.4}{Dynamic Time Warping \(DTW\)}{chapter.2}% 6
\BOOKMARK [1][-]{section.2.5}{Self-Organizing Feature Map \(SOM\)}{chapter.2}% 7
\BOOKMARK [1][-]{section.2.6}{k-Means Clustering}{chapter.2}% 8
\BOOKMARK [0][-]{chapter.3}{Inverse Classification using Generative Models}{}% 9
\BOOKMARK [1][-]{section.3.1}{Sequence Generation}{chapter.3}% 10
\BOOKMARK [1][-]{section.3.2}{Inverse Classification}{chapter.3}% 11
\BOOKMARK [0][-]{chapter.4}{Experiments and Results}{}% 12
\BOOKMARK [1][-]{section.4.1}{Setup}{chapter.4}% 13
\BOOKMARK [2][-]{subsection.4.1.1}{Data}{section.4.1}% 14
\BOOKMARK [2][-]{subsection.4.1.2}{Generative Model}{section.4.1}% 15
\BOOKMARK [2][-]{subsection.4.1.3}{Inverse Classification}{section.4.1}% 16
\BOOKMARK [2][-]{subsection.4.1.4}{Metrics}{section.4.1}% 17
\BOOKMARK [1][-]{section.4.2}{Naked Model}{chapter.4}% 18
\BOOKMARK [2][-]{subsection.4.2.1}{Two Dimensions}{section.4.2}% 19
\BOOKMARK [2][-]{subsection.4.2.2}{Four Dimensions}{section.4.2}% 20
\BOOKMARK [2][-]{subsection.4.2.3}{20 Dimensions}{section.4.2}% 21
\BOOKMARK [1][-]{section.4.3}{Double Stacked LSTM}{chapter.4}% 22
\BOOKMARK [2][-]{subsection.4.3.1}{Two Dimensions}{section.4.3}% 23
\BOOKMARK [2][-]{subsection.4.3.2}{Four Dimensions}{section.4.3}% 24
\BOOKMARK [2][-]{subsection.4.3.3}{20 Dimensions}{section.4.3}% 25
\BOOKMARK [1][-]{section.4.4}{Addition of Noise}{chapter.4}% 26
\BOOKMARK [2][-]{subsection.4.4.1}{Two Dimensions}{section.4.4}% 27
\BOOKMARK [2][-]{subsection.4.4.2}{Four Dimensions}{section.4.4}% 28
\BOOKMARK [2][-]{subsection.4.4.3}{20 Dimensions}{section.4.4}% 29
\BOOKMARK [1][-]{section.4.5}{Repeller Vector}{chapter.4}% 30
\BOOKMARK [2][-]{subsection.4.5.1}{Two Dimensions}{section.4.5}% 31
\BOOKMARK [2][-]{subsection.4.5.2}{Four Dimensions}{section.4.5}% 32
\BOOKMARK [2][-]{subsection.4.5.3}{20 Dimensions}{section.4.5}% 33
\BOOKMARK [1][-]{section.4.6}{Addition of Types}{chapter.4}% 34
\BOOKMARK [2][-]{subsection.4.6.1}{Two Dimensions}{section.4.6}% 35
\BOOKMARK [2][-]{subsection.4.6.2}{Four Dimensions}{section.4.6}% 36
\BOOKMARK [2][-]{subsection.4.6.3}{20 Dimensions}{section.4.6}% 37
\BOOKMARK [1][-]{section.4.7}{Addition of Types with Noise}{chapter.4}% 38
\BOOKMARK [2][-]{subsection.4.7.1}{Two Dimensions}{section.4.7}% 39
\BOOKMARK [2][-]{subsection.4.7.2}{Four Dimensions}{section.4.7}% 40
\BOOKMARK [2][-]{subsection.4.7.3}{20 Dimensions}{section.4.7}% 41
\BOOKMARK [1][-]{section.4.8}{Sparse Data with Noise}{chapter.4}% 42
\BOOKMARK [2][-]{subsection.4.8.1}{Two Dimensions}{section.4.8}% 43
\BOOKMARK [2][-]{subsection.4.8.2}{Four Dimensions}{section.4.8}% 44
\BOOKMARK [2][-]{subsection.4.8.3}{20 Dimensions}{section.4.8}% 45
\BOOKMARK [1][-]{section.4.9}{Comparison with Standard Classification}{chapter.4}% 46
\BOOKMARK [2][-]{subsection.4.9.1}{Two Dimensions}{section.4.9}% 47
\BOOKMARK [2][-]{subsection.4.9.2}{Four Dimensions}{section.4.9}% 48
\BOOKMARK [2][-]{subsection.4.9.3}{20 Dimensions}{section.4.9}% 49
\BOOKMARK [0][-]{chapter.5}{Conclusion}{}% 50
\BOOKMARK [1][-]{section.5.1}{Quality of the Model}{chapter.5}% 51
\BOOKMARK [1][-]{section.5.2}{Interpretation}{chapter.5}% 52
\BOOKMARK [1][-]{section.5.3}{Advantages of Inverse Classification}{chapter.5}% 53
\BOOKMARK [1][-]{section.5.4}{Future Work}{chapter.5}% 54
\BOOKMARK [0][-]{chapter.6}{Bibliography}{}% 55
