This is pdfTeX, Version 3.14159265-2.6-1.40.16 (TeX Live 2015/Debian) (preloaded format=pdflatex 2018.10.11)  16 OCT 2018 18:28
entering extended mode
 restricted \write18 enabled.
 %&-line parsing enabled.
**Bachelor_Kogni_Marius_Hobbhahn_2018.tex
(./Bachelor_Kogni_Marius_Hobbhahn_2018.tex
LaTeX2e <2016/02/01>
Babel <3.9q> and hyphenation patterns for 81 language(s) loaded.
(./format/Header.tex
(/usr/share/texlive/texmf-dist/tex/latex/koma-script/scrbook.cls
Document Class: scrbook 2015/10/03 v3.19a KOMA-Script document class (book)
(/usr/share/texlive/texmf-dist/tex/latex/koma-script/scrkbase.sty
Package: scrkbase 2015/10/03 v3.19a KOMA-Script package (KOMA-Script-dependent 
basics and keyval usage)

(/usr/share/texlive/texmf-dist/tex/latex/koma-script/scrbase.sty
Package: scrbase 2015/10/03 v3.19a KOMA-Script package (KOMA-Script-independent
 basics and keyval usage)

(/usr/share/texlive/texmf-dist/tex/latex/graphics/keyval.sty
Package: keyval 2014/10/28 v1.15 key=value parser (DPC)
\KV@toks@=\toks14
)
(/usr/share/texlive/texmf-dist/tex/latex/koma-script/scrlfile.sty
Package: scrlfile 2015/10/03 v3.19a KOMA-Script package (loading files)

Package scrlfile, 2015/10/03 v3.19a KOMA-Script package (loading files)
                  Copyright (C) Markus Kohm

))) (/usr/share/texlive/texmf-dist/tex/latex/koma-script/tocbasic.sty
Package: tocbasic 2015/10/03 v3.19a KOMA-Script package (handling toc-files)
)
Package tocbasic Info: omitting babel extension for `toc'
(tocbasic)             because of feature `nobabel' available
(tocbasic)             for `toc' on input line 125.
Package tocbasic Info: omitting babel extension for `lof'
(tocbasic)             because of feature `nobabel' available
(tocbasic)             for `lof' on input line 126.
Package tocbasic Info: omitting babel extension for `lot'
(tocbasic)             because of feature `nobabel' available
(tocbasic)             for `lot' on input line 127.
Package tocbasic Info: defining new hook before heading of `' on input line 158
4.
Package scrbook Info: You've used standard option `12pt'.
(scrbook)             This is correct!
(scrbook)             Internally I'm using `fontsize=12pt'.
(scrbook)             If you'd like to set the option with \KOMAoptions,
(scrbook)             you'd have to use `fontsize=12pt' there
(scrbook)             instead of `12pt', too.
Class scrbook Info: You've used standard option `openright'.
(scrbook)           This is correct!
(scrbook)           Internally I'm using `open=right'.
(scrbook)           If you'd like to set the option with \KOMAoptions,
(scrbook)           you'd have to use `open=right' there
(scrbook)           instead of `openright', too.
Class scrbook Info: File `scrsize12pt.clo' used to setup font sizes on input li
ne 2251.

(/usr/share/texlive/texmf-dist/tex/latex/koma-script/scrsize12pt.clo
File: scrsize12pt.clo 2015/10/03 v3.19a KOMA-Script font size class option (12p
t)
)
(/usr/share/texlive/texmf-dist/tex/latex/koma-script/typearea.sty
Package: typearea 2015/10/03 v3.19a KOMA-Script package (type area)

Package typearea, 2015/10/03 v3.19a KOMA-Script package (type area)
                  Copyright (C) Frank Neukam, 1992-1994
                  Copyright (C) Markus Kohm, 1994-

\ta@bcor=\skip41
\ta@div=\count79
\ta@hblk=\skip42
\ta@vblk=\skip43
\ta@temp=\skip44
\footheight=\skip45
Package typearea Info: These are the values describing the layout:
(typearea)             DIV  = 12
(typearea)             BCOR = 0.0pt
(typearea)             \paperwidth      = 597.50793pt
(typearea)              \textwidth      = 448.13095pt
(typearea)              DIV departure   = -6%
(typearea)              \evensidemargin = 27.31467pt
(typearea)              \oddsidemargin  = -22.47766pt
(typearea)             \paperheight     = 845.04694pt
(typearea)              \textheight     = 635.5pt
(typearea)              \topmargin      = -41.72441pt
(typearea)              \headheight     = 18.125pt
(typearea)              \headsep        = 21.75pt
(typearea)              \topskip        = 12.0pt
(typearea)              \footskip       = 50.75pt
(typearea)              \baselineskip   = 14.5pt
(typearea)              on input line 1509.
)
\c@part=\count80
\c@chapter=\count81
\c@section=\count82
\c@subsection=\count83
\c@subsubsection=\count84
\c@paragraph=\count85
\c@subparagraph=\count86
LaTeX Info: Redefining \textsubscript on input line 4654.
\abovecaptionskip=\skip46
\belowcaptionskip=\skip47
\c@pti@nb@sid@b@x=\box26
\c@figure=\count87
\c@table=\count88
\bibindent=\dimen102
) (/usr/share/texlive/texmf-dist/tex/latex/chngcntr/chngcntr.sty
Package: chngcntr 2009/09/02 v1.0a change counter resetting
)
(/usr/share/texlive/texmf-dist/tex/generic/babel/babel.sty
Package: babel 2016/02/24 3.9q The Babel package

(/usr/share/texlive/texmf-dist/tex/generic/babel-english/english.ldf
Language: english 2012/08/20 v3.3p English support from the babel system

(/usr/share/texlive/texmf-dist/tex/generic/babel/babel.def
File: babel.def 2016/02/24 3.9q Babel common definitions
\babel@savecnt=\count89
\U@D=\dimen103
)
\l@canadian = a dialect from \language\l@american 
\l@australian = a dialect from \language\l@british 
\l@newzealand = a dialect from \language\l@british 
))
(/usr/share/texlive/texmf-dist/tex/latex/base/inputenc.sty
Package: inputenc 2015/03/17 v1.2c Input encoding file
\inpenc@prehook=\toks15
\inpenc@posthook=\toks16

(/usr/share/texlive/texmf-dist/tex/latex/base/utf8.def
File: utf8.def 2015/12/03 v1.1r UTF-8 support for inputenc
Now handling font encoding OML ...
... no UTF-8 mapping file for font encoding OML
Now handling font encoding T1 ...
... processing UTF-8 mapping file for font encoding T1

(/usr/share/texlive/texmf-dist/tex/latex/base/t1enc.dfu
File: t1enc.dfu 2015/12/03 v1.1r UTF-8 support for inputenc
   defining Unicode char U+00A0 (decimal 160)
   defining Unicode char U+00A1 (decimal 161)
   defining Unicode char U+00A3 (decimal 163)
   defining Unicode char U+00AB (decimal 171)
   defining Unicode char U+00AD (decimal 173)
   defining Unicode char U+00BB (decimal 187)
   defining Unicode char U+00BF (decimal 191)
   defining Unicode char U+00C0 (decimal 192)
   defining Unicode char U+00C1 (decimal 193)
   defining Unicode char U+00C2 (decimal 194)
   defining Unicode char U+00C3 (decimal 195)
   defining Unicode char U+00C4 (decimal 196)
   defining Unicode char U+00C5 (decimal 197)
   defining Unicode char U+00C6 (decimal 198)
   defining Unicode char U+00C7 (decimal 199)
   defining Unicode char U+00C8 (decimal 200)
   defining Unicode char U+00C9 (decimal 201)
   defining Unicode char U+00CA (decimal 202)
   defining Unicode char U+00CB (decimal 203)
   defining Unicode char U+00CC (decimal 204)
   defining Unicode char U+00CD (decimal 205)
   defining Unicode char U+00CE (decimal 206)
   defining Unicode char U+00CF (decimal 207)
   defining Unicode char U+00D0 (decimal 208)
   defining Unicode char U+00D1 (decimal 209)
   defining Unicode char U+00D2 (decimal 210)
   defining Unicode char U+00D3 (decimal 211)
   defining Unicode char U+00D4 (decimal 212)
   defining Unicode char U+00D5 (decimal 213)
   defining Unicode char U+00D6 (decimal 214)
   defining Unicode char U+00D8 (decimal 216)
   defining Unicode char U+00D9 (decimal 217)
   defining Unicode char U+00DA (decimal 218)
   defining Unicode char U+00DB (decimal 219)
   defining Unicode char U+00DC (decimal 220)
   defining Unicode char U+00DD (decimal 221)
   defining Unicode char U+00DE (decimal 222)
   defining Unicode char U+00DF (decimal 223)
   defining Unicode char U+00E0 (decimal 224)
   defining Unicode char U+00E1 (decimal 225)
   defining Unicode char U+00E2 (decimal 226)
   defining Unicode char U+00E3 (decimal 227)
   defining Unicode char U+00E4 (decimal 228)
   defining Unicode char U+00E5 (decimal 229)
   defining Unicode char U+00E6 (decimal 230)
   defining Unicode char U+00E7 (decimal 231)
   defining Unicode char U+00E8 (decimal 232)
   defining Unicode char U+00E9 (decimal 233)
   defining Unicode char U+00EA (decimal 234)
   defining Unicode char U+00EB (decimal 235)
   defining Unicode char U+00EC (decimal 236)
   defining Unicode char U+00ED (decimal 237)
   defining Unicode char U+00EE (decimal 238)
   defining Unicode char U+00EF (decimal 239)
   defining Unicode char U+00F0 (decimal 240)
   defining Unicode char U+00F1 (decimal 241)
   defining Unicode char U+00F2 (decimal 242)
   defining Unicode char U+00F3 (decimal 243)
   defining Unicode char U+00F4 (decimal 244)
   defining Unicode char U+00F5 (decimal 245)
   defining Unicode char U+00F6 (decimal 246)
   defining Unicode char U+00F8 (decimal 248)
   defining Unicode char U+00F9 (decimal 249)
   defining Unicode char U+00FA (decimal 250)
   defining Unicode char U+00FB (decimal 251)
   defining Unicode char U+00FC (decimal 252)
   defining Unicode char U+00FD (decimal 253)
   defining Unicode char U+00FE (decimal 254)
   defining Unicode char U+00FF (decimal 255)
   defining Unicode char U+0100 (decimal 256)
   defining Unicode char U+0101 (decimal 257)
   defining Unicode char U+0102 (decimal 258)
   defining Unicode char U+0103 (decimal 259)
   defining Unicode char U+0104 (decimal 260)
   defining Unicode char U+0105 (decimal 261)
   defining Unicode char U+0106 (decimal 262)
   defining Unicode char U+0107 (decimal 263)
   defining Unicode char U+0108 (decimal 264)
   defining Unicode char U+0109 (decimal 265)
   defining Unicode char U+010A (decimal 266)
   defining Unicode char U+010B (decimal 267)
   defining Unicode char U+010C (decimal 268)
   defining Unicode char U+010D (decimal 269)
   defining Unicode char U+010E (decimal 270)
   defining Unicode char U+010F (decimal 271)
   defining Unicode char U+0110 (decimal 272)
   defining Unicode char U+0111 (decimal 273)
   defining Unicode char U+0112 (decimal 274)
   defining Unicode char U+0113 (decimal 275)
   defining Unicode char U+0114 (decimal 276)
   defining Unicode char U+0115 (decimal 277)
   defining Unicode char U+0116 (decimal 278)
   defining Unicode char U+0117 (decimal 279)
   defining Unicode char U+0118 (decimal 280)
   defining Unicode char U+0119 (decimal 281)
   defining Unicode char U+011A (decimal 282)
   defining Unicode char U+011B (decimal 283)
   defining Unicode char U+011C (decimal 284)
   defining Unicode char U+011D (decimal 285)
   defining Unicode char U+011E (decimal 286)
   defining Unicode char U+011F (decimal 287)
   defining Unicode char U+0120 (decimal 288)
   defining Unicode char U+0121 (decimal 289)
   defining Unicode char U+0122 (decimal 290)
   defining Unicode char U+0123 (decimal 291)
   defining Unicode char U+0124 (decimal 292)
   defining Unicode char U+0125 (decimal 293)
   defining Unicode char U+0128 (decimal 296)
   defining Unicode char U+0129 (decimal 297)
   defining Unicode char U+012A (decimal 298)
   defining Unicode char U+012B (decimal 299)
   defining Unicode char U+012C (decimal 300)
   defining Unicode char U+012D (decimal 301)
   defining Unicode char U+012E (decimal 302)
   defining Unicode char U+012F (decimal 303)
   defining Unicode char U+0130 (decimal 304)
   defining Unicode char U+0131 (decimal 305)
   defining Unicode char U+0132 (decimal 306)
   defining Unicode char U+0133 (decimal 307)
   defining Unicode char U+0134 (decimal 308)
   defining Unicode char U+0135 (decimal 309)
   defining Unicode char U+0136 (decimal 310)
   defining Unicode char U+0137 (decimal 311)
   defining Unicode char U+0139 (decimal 313)
   defining Unicode char U+013A (decimal 314)
   defining Unicode char U+013B (decimal 315)
   defining Unicode char U+013C (decimal 316)
   defining Unicode char U+013D (decimal 317)
   defining Unicode char U+013E (decimal 318)
   defining Unicode char U+0141 (decimal 321)
   defining Unicode char U+0142 (decimal 322)
   defining Unicode char U+0143 (decimal 323)
   defining Unicode char U+0144 (decimal 324)
   defining Unicode char U+0145 (decimal 325)
   defining Unicode char U+0146 (decimal 326)
   defining Unicode char U+0147 (decimal 327)
   defining Unicode char U+0148 (decimal 328)
   defining Unicode char U+014A (decimal 330)
   defining Unicode char U+014B (decimal 331)
   defining Unicode char U+014C (decimal 332)
   defining Unicode char U+014D (decimal 333)
   defining Unicode char U+014E (decimal 334)
   defining Unicode char U+014F (decimal 335)
   defining Unicode char U+0150 (decimal 336)
   defining Unicode char U+0151 (decimal 337)
   defining Unicode char U+0152 (decimal 338)
   defining Unicode char U+0153 (decimal 339)
   defining Unicode char U+0154 (decimal 340)
   defining Unicode char U+0155 (decimal 341)
   defining Unicode char U+0156 (decimal 342)
   defining Unicode char U+0157 (decimal 343)
   defining Unicode char U+0158 (decimal 344)
   defining Unicode char U+0159 (decimal 345)
   defining Unicode char U+015A (decimal 346)
   defining Unicode char U+015B (decimal 347)
   defining Unicode char U+015C (decimal 348)
   defining Unicode char U+015D (decimal 349)
   defining Unicode char U+015E (decimal 350)
   defining Unicode char U+015F (decimal 351)
   defining Unicode char U+0160 (decimal 352)
   defining Unicode char U+0161 (decimal 353)
   defining Unicode char U+0162 (decimal 354)
   defining Unicode char U+0163 (decimal 355)
   defining Unicode char U+0164 (decimal 356)
   defining Unicode char U+0165 (decimal 357)
   defining Unicode char U+0168 (decimal 360)
   defining Unicode char U+0169 (decimal 361)
   defining Unicode char U+016A (decimal 362)
   defining Unicode char U+016B (decimal 363)
   defining Unicode char U+016C (decimal 364)
   defining Unicode char U+016D (decimal 365)
   defining Unicode char U+016E (decimal 366)
   defining Unicode char U+016F (decimal 367)
   defining Unicode char U+0170 (decimal 368)
   defining Unicode char U+0171 (decimal 369)
   defining Unicode char U+0172 (decimal 370)
   defining Unicode char U+0173 (decimal 371)
   defining Unicode char U+0174 (decimal 372)
   defining Unicode char U+0175 (decimal 373)
   defining Unicode char U+0176 (decimal 374)
   defining Unicode char U+0177 (decimal 375)
   defining Unicode char U+0178 (decimal 376)
   defining Unicode char U+0179 (decimal 377)
   defining Unicode char U+017A (decimal 378)
   defining Unicode char U+017B (decimal 379)
   defining Unicode char U+017C (decimal 380)
   defining Unicode char U+017D (decimal 381)
   defining Unicode char U+017E (decimal 382)
   defining Unicode char U+01CD (decimal 461)
   defining Unicode char U+01CE (decimal 462)
   defining Unicode char U+01CF (decimal 463)
   defining Unicode char U+01D0 (decimal 464)
   defining Unicode char U+01D1 (decimal 465)
   defining Unicode char U+01D2 (decimal 466)
   defining Unicode char U+01D3 (decimal 467)
   defining Unicode char U+01D4 (decimal 468)
   defining Unicode char U+01E2 (decimal 482)
   defining Unicode char U+01E3 (decimal 483)
   defining Unicode char U+01E6 (decimal 486)
   defining Unicode char U+01E7 (decimal 487)
   defining Unicode char U+01E8 (decimal 488)
   defining Unicode char U+01E9 (decimal 489)
   defining Unicode char U+01EA (decimal 490)
   defining Unicode char U+01EB (decimal 491)
   defining Unicode char U+01F0 (decimal 496)
   defining Unicode char U+01F4 (decimal 500)
   defining Unicode char U+01F5 (decimal 501)
   defining Unicode char U+0218 (decimal 536)
   defining Unicode char U+0219 (decimal 537)
   defining Unicode char U+021A (decimal 538)
   defining Unicode char U+021B (decimal 539)
   defining Unicode char U+01E02 (decimal 7682)
   defining Unicode char U+01E03 (decimal 7683)
   defining Unicode char U+200C (decimal 8204)
   defining Unicode char U+2013 (decimal 8211)
   defining Unicode char U+2014 (decimal 8212)
   defining Unicode char U+2018 (decimal 8216)
   defining Unicode char U+2019 (decimal 8217)
   defining Unicode char U+201A (decimal 8218)
   defining Unicode char U+201C (decimal 8220)
   defining Unicode char U+201D (decimal 8221)
   defining Unicode char U+201E (decimal 8222)
   defining Unicode char U+2030 (decimal 8240)
   defining Unicode char U+2031 (decimal 8241)
   defining Unicode char U+2039 (decimal 8249)
   defining Unicode char U+203A (decimal 8250)
   defining Unicode char U+2423 (decimal 9251)
)
Now handling font encoding OT1 ...
... processing UTF-8 mapping file for font encoding OT1

(/usr/share/texlive/texmf-dist/tex/latex/base/ot1enc.dfu
File: ot1enc.dfu 2015/12/03 v1.1r UTF-8 support for inputenc
   defining Unicode char U+00A0 (decimal 160)
   defining Unicode char U+00A1 (decimal 161)
   defining Unicode char U+00A3 (decimal 163)
   defining Unicode char U+00AD (decimal 173)
   defining Unicode char U+00B8 (decimal 184)
   defining Unicode char U+00BF (decimal 191)
   defining Unicode char U+00C5 (decimal 197)
   defining Unicode char U+00C6 (decimal 198)
   defining Unicode char U+00D8 (decimal 216)
   defining Unicode char U+00DF (decimal 223)
   defining Unicode char U+00E6 (decimal 230)
   defining Unicode char U+00EC (decimal 236)
   defining Unicode char U+00ED (decimal 237)
   defining Unicode char U+00EE (decimal 238)
   defining Unicode char U+00EF (decimal 239)
   defining Unicode char U+00F8 (decimal 248)
   defining Unicode char U+0131 (decimal 305)
   defining Unicode char U+0141 (decimal 321)
   defining Unicode char U+0142 (decimal 322)
   defining Unicode char U+0152 (decimal 338)
   defining Unicode char U+0153 (decimal 339)
   defining Unicode char U+0174 (decimal 372)
   defining Unicode char U+0175 (decimal 373)
   defining Unicode char U+0176 (decimal 374)
   defining Unicode char U+0177 (decimal 375)
   defining Unicode char U+0218 (decimal 536)
   defining Unicode char U+0219 (decimal 537)
   defining Unicode char U+021A (decimal 538)
   defining Unicode char U+021B (decimal 539)
   defining Unicode char U+2013 (decimal 8211)
   defining Unicode char U+2014 (decimal 8212)
   defining Unicode char U+2018 (decimal 8216)
   defining Unicode char U+2019 (decimal 8217)
   defining Unicode char U+201C (decimal 8220)
   defining Unicode char U+201D (decimal 8221)
)
Now handling font encoding OMS ...
... processing UTF-8 mapping file for font encoding OMS

(/usr/share/texlive/texmf-dist/tex/latex/base/omsenc.dfu
File: omsenc.dfu 2015/12/03 v1.1r UTF-8 support for inputenc
   defining Unicode char U+00A7 (decimal 167)
   defining Unicode char U+00B6 (decimal 182)
   defining Unicode char U+00B7 (decimal 183)
   defining Unicode char U+2020 (decimal 8224)
   defining Unicode char U+2021 (decimal 8225)
   defining Unicode char U+2022 (decimal 8226)
)
Now handling font encoding OMX ...
... no UTF-8 mapping file for font encoding OMX
Now handling font encoding U ...
... no UTF-8 mapping file for font encoding U
   defining Unicode char U+00A9 (decimal 169)
   defining Unicode char U+00AA (decimal 170)
   defining Unicode char U+00AE (decimal 174)
   defining Unicode char U+00BA (decimal 186)
   defining Unicode char U+02C6 (decimal 710)
   defining Unicode char U+02DC (decimal 732)
   defining Unicode char U+200C (decimal 8204)
   defining Unicode char U+2026 (decimal 8230)
   defining Unicode char U+2122 (decimal 8482)
   defining Unicode char U+2423 (decimal 9251)
))
(/usr/share/texlive/texmf-dist/tex/latex/arydshln/arydshln.sty
Package: arydshln 2004/08/31 v1.71 
\dashlinedash=\dimen104
\dashlinegap=\dimen105
\adl@box=\box27
\adl@height=\dimen106
\adl@heightsave=\dimen107
\adl@depth=\dimen108
\adl@depthsave=\dimen109
\adl@finaldepth=\dimen110
\adl@columns=\count90
\adl@ncol=\count91
\adl@currentcolumn=\count92
\adl@currentcolumnsave=\count93
\adl@totalheight=\count94
\adl@totalheightsave=\count95
\adl@dash=\count96
\adl@gap=\count97
\adl@cla=\count98
\adl@clb=\count99
\adl@everyvbox=\toks17
\adl@LTpagetotal=\dimen111
)
(/usr/share/texlive/texmf-dist/tex/latex/ae/ae.sty
Package: ae 2001/02/12 1.3 Almost European Computer Modern

(/usr/share/texlive/texmf-dist/tex/latex/base/fontenc.sty
Package: fontenc 2005/09/27 v1.99g Standard LaTeX package

(/usr/share/texlive/texmf-dist/tex/latex/base/t1enc.def
File: t1enc.def 2005/09/27 v1.99g Standard LaTeX file
LaTeX Font Info:    Redeclaring font encoding T1 on input line 48.
)
LaTeX Font Info:    Try loading font information for T1+aer on input line 105.

(/usr/share/texlive/texmf-dist/tex/latex/ae/t1aer.fd
File: t1aer.fd 1997/11/16 Font definitions for T1/aer.
)))
(/usr/share/texlive/texmf-dist/tex/latex/aeguill/aeguill.sty
Package: aeguill 2003/08/02 1.02 AE fonts with french guillemets (D. Roegel)
)
(/usr/share/texlive/texmf-dist/tex/latex/graphics/graphicx.sty
Package: graphicx 2014/10/28 v1.0g Enhanced LaTeX Graphics (DPC,SPQR)

(/usr/share/texlive/texmf-dist/tex/latex/graphics/graphics.sty
Package: graphics 2016/01/03 v1.0q Standard LaTeX Graphics (DPC,SPQR)

(/usr/share/texlive/texmf-dist/tex/latex/graphics/trig.sty
Package: trig 2016/01/03 v1.10 sin cos tan (DPC)
)
(/usr/share/texlive/texmf-dist/tex/latex/latexconfig/graphics.cfg
File: graphics.cfg 2010/04/23 v1.9 graphics configuration of TeX Live
)
Package graphics Info: Driver file: pdftex.def on input line 95.

(/usr/share/texlive/texmf-dist/tex/latex/pdftex-def/pdftex.def
File: pdftex.def 2011/05/27 v0.06d Graphics/color for pdfTeX

(/usr/share/texlive/texmf-dist/tex/generic/oberdiek/infwarerr.sty
Package: infwarerr 2010/04/08 v1.3 Providing info/warning/error messages (HO)
)
(/usr/share/texlive/texmf-dist/tex/generic/oberdiek/ltxcmds.sty
Package: ltxcmds 2011/11/09 v1.22 LaTeX kernel commands for general use (HO)
)
\Gread@gobject=\count100
))
\Gin@req@height=\dimen112
\Gin@req@width=\dimen113
)
(/usr/share/texlive/texmf-dist/tex/latex/float/float.sty
Package: float 2001/11/08 v1.3d Float enhancements (AL)
\c@float@type=\count101
\float@exts=\toks18
\float@box=\box28
\@float@everytoks=\toks19
\@floatcapt=\box29
)
(/usr/share/texlive/texmf-dist/tex/latex/wrapfig/wrapfig.sty
\wrapoverhang=\dimen114
\WF@size=\dimen115
\c@WF@wrappedlines=\count102
\WF@box=\box30
\WF@everypar=\toks20
Package: wrapfig 2003/01/31  v 3.6
)
(/usr/share/texlive/texmf-dist/tex/latex/listliketab/listliketab.sty
Package: listliketab 2005/01/09 v1.0a Create list-like tabulars

(/usr/share/texlive/texmf-dist/tex/latex/tools/calc.sty
Package: calc 2014/10/28 v4.3 Infix arithmetic (KKT,FJ)
\calc@Acount=\count103
\calc@Bcount=\count104
\calc@Adimen=\dimen116
\calc@Bdimen=\dimen117
\calc@Askip=\skip48
\calc@Bskip=\skip49
LaTeX Info: Redefining \setlength on input line 80.
LaTeX Info: Redefining \addtolength on input line 81.
\calc@Ccount=\count105
\calc@Cskip=\skip50
)
(/usr/share/texlive/texmf-dist/tex/latex/tools/array.sty
Package: array 2014/10/28 v2.4c Tabular extension package (FMi)
\col@sep=\dimen118
\extrarowheight=\dimen119
\NC@list=\toks21
\extratabsurround=\skip51
\backup@length=\skip52
)
\llt@labelwidth=\skip53
\llt@labelsep=\skip54
\llt@topsep=\skip55
\llt@rightmargin=\skip56
\llt@tab@indent=\skip57
\llt@bot@sep=\skip58
\llt@arraystretch=\skip59
\llt@list@box=\box31
)
(/usr/share/texlive/texmf-dist/tex/latex/graphics/color.sty
Package: color 2016/01/03 v1.1b Standard LaTeX Color (DPC)

(/usr/share/texlive/texmf-dist/tex/latex/latexconfig/color.cfg
File: color.cfg 2007/01/18 v1.5 color configuration of teTeX/TeXLive
)
Package color Info: Driver file: pdftex.def on input line 143.
)
(/usr/share/texlive/texmf-dist/tex/latex/colortbl/colortbl.sty
Package: colortbl 2012/02/13 v1.0a Color table columns (DPC)
\everycr=\toks22
\minrowclearance=\skip60
)
(/usr/share/texlive/texmf-dist/tex/latex/xcolor/xcolor.sty
Package: xcolor 2007/01/21 v2.11 LaTeX color extensions (UK)

(/usr/share/texlive/texmf-dist/tex/latex/latexconfig/color.cfg
File: color.cfg 2007/01/18 v1.5 color configuration of teTeX/TeXLive
)
Package xcolor Info: Driver file: pdftex.def on input line 225.
LaTeX Info: Redefining \color on input line 702.
\rownum=\count106
Package xcolor Info: Model `cmy' substituted by `cmy0' on input line 1337.
Package xcolor Info: Model `hsb' substituted by `rgb' on input line 1341.
Package xcolor Info: Model `RGB' extended on input line 1353.
Package xcolor Info: Model `HTML' substituted by `rgb' on input line 1355.
Package xcolor Info: Model `Hsb' substituted by `hsb' on input line 1356.
Package xcolor Info: Model `tHsb' substituted by `hsb' on input line 1357.
Package xcolor Info: Model `HSB' substituted by `hsb' on input line 1358.
Package xcolor Info: Model `Gray' substituted by `gray' on input line 1359.
Package xcolor Info: Model `wave' substituted by `hsb' on input line 1360.
)
(/usr/share/texlive/texmf-dist/tex/latex/setspace/setspace.sty
Package: setspace 2011/12/19 v6.7a set line spacing
)

Class scrbook Warning: Usage of package `fancyhdr' together
(scrbook)              with a KOMA-Script class is not recommended.
(scrbook)              I'd suggest to use 
(scrbook)              package `scrlayer-scrpage'.
(scrbook)              Nevertheless, using requested
(scrbook)              package `fancyhdr' on input line 110.

(/usr/share/texlive/texmf-dist/tex/latex/fancyhdr/fancyhdr.sty
\fancy@headwidth=\skip61
\f@ncyO@elh=\skip62
\f@ncyO@erh=\skip63
\f@ncyO@olh=\skip64
\f@ncyO@orh=\skip65
\f@ncyO@elf=\skip66
\f@ncyO@erf=\skip67
\f@ncyO@olf=\skip68
\f@ncyO@orf=\skip69
)
(/usr/share/texlive/texmf-dist/tex/latex/lettrine/lettrine.sty
File: lettrine.sty 2015/08/31 v1.9 (Daniel Flipo)
\c@DefaultLines=\count107
\c@DefaultDepth=\count108
\DefaultFindent=\dimen120
\DefaultNindent=\dimen121
\DefaultSlope=\dimen122
\DiscardVskip=\dimen123
\L@lbox=\box32
\L@tbox=\box33
\c@L@lines=\count109
\c@L@depth=\count110
\L@Pindent=\dimen124
\L@Findent=\dimen125
\L@Nindent=\dimen126
\L@lraise=\dimen127
\L@first=\dimen128
\L@next=\dimen129
\L@slope=\dimen130
\L@height=\dimen131
\L@novskip=\dimen132
\LettrineWidth=\dimen133
\LettrineHeight=\dimen134
\LettrineDepth=\dimen135

Loading lettrine.cfg
(/usr/share/texlive/texmf-dist/tex/latex/lettrine/lettrine.cfg))
(/usr/share/texlive/texmf-dist/tex/latex/pgfplots/pgfplots.sty
(/usr/share/texlive/texmf-dist/tex/generic/pgfplots/pgfplots.revision.tex)
Package: pgfplots 2016/01/06 v1.13 Data Visualization (1.13)

(/usr/share/texlive/texmf-dist/tex/latex/pgf/frontendlayer/tikz.sty
(/usr/share/texlive/texmf-dist/tex/latex/pgf/basiclayer/pgf.sty
(/usr/share/texlive/texmf-dist/tex/latex/pgf/utilities/pgfrcs.sty
(/usr/share/texlive/texmf-dist/tex/generic/pgf/utilities/pgfutil-common.tex
\pgfutil@everybye=\toks23
\pgfutil@tempdima=\dimen136
\pgfutil@tempdimb=\dimen137

(/usr/share/texlive/texmf-dist/tex/generic/pgf/utilities/pgfutil-common-lists.t
ex)) (/usr/share/texlive/texmf-dist/tex/generic/pgf/utilities/pgfutil-latex.def
\pgfutil@abb=\box34
(/usr/share/texlive/texmf-dist/tex/latex/ms/everyshi.sty
Package: everyshi 2001/05/15 v3.00 EveryShipout Package (MS)
))
(/usr/share/texlive/texmf-dist/tex/generic/pgf/utilities/pgfrcs.code.tex
Package: pgfrcs 2015/08/07 v3.0.1a (rcs-revision 1.31)
))
Package: pgf 2015/08/07 v3.0.1a (rcs-revision 1.15)

(/usr/share/texlive/texmf-dist/tex/latex/pgf/basiclayer/pgfcore.sty
(/usr/share/texlive/texmf-dist/tex/latex/pgf/systemlayer/pgfsys.sty
(/usr/share/texlive/texmf-dist/tex/generic/pgf/systemlayer/pgfsys.code.tex
Package: pgfsys 2014/07/09 v3.0.1a (rcs-revision 1.48)

(/usr/share/texlive/texmf-dist/tex/generic/pgf/utilities/pgfkeys.code.tex
\pgfkeys@pathtoks=\toks24
\pgfkeys@temptoks=\toks25

(/usr/share/texlive/texmf-dist/tex/generic/pgf/utilities/pgfkeysfiltered.code.t
ex
\pgfkeys@tmptoks=\toks26
))
\pgf@x=\dimen138
\pgf@y=\dimen139
\pgf@xa=\dimen140
\pgf@ya=\dimen141
\pgf@xb=\dimen142
\pgf@yb=\dimen143
\pgf@xc=\dimen144
\pgf@yc=\dimen145
\w@pgf@writea=\write3
\r@pgf@reada=\read1
\c@pgf@counta=\count111
\c@pgf@countb=\count112
\c@pgf@countc=\count113
\c@pgf@countd=\count114
\t@pgf@toka=\toks27
\t@pgf@tokb=\toks28
\t@pgf@tokc=\toks29
 (/usr/share/texlive/texmf-dist/tex/generic/pgf/systemlayer/pgf.cfg
File: pgf.cfg 2008/05/14  (rcs-revision 1.7)
)
Driver file for pgf: pgfsys-pdftex.def

(/usr/share/texlive/texmf-dist/tex/generic/pgf/systemlayer/pgfsys-pdftex.def
File: pgfsys-pdftex.def 2014/10/11  (rcs-revision 1.35)

(/usr/share/texlive/texmf-dist/tex/generic/pgf/systemlayer/pgfsys-common-pdf.de
f
File: pgfsys-common-pdf.def 2013/10/10  (rcs-revision 1.13)
)))
(/usr/share/texlive/texmf-dist/tex/generic/pgf/systemlayer/pgfsyssoftpath.code.
tex
File: pgfsyssoftpath.code.tex 2013/09/09  (rcs-revision 1.9)
\pgfsyssoftpath@smallbuffer@items=\count115
\pgfsyssoftpath@bigbuffer@items=\count116
)
(/usr/share/texlive/texmf-dist/tex/generic/pgf/systemlayer/pgfsysprotocol.code.
tex
File: pgfsysprotocol.code.tex 2006/10/16  (rcs-revision 1.4)
))
(/usr/share/texlive/texmf-dist/tex/generic/pgf/basiclayer/pgfcore.code.tex
Package: pgfcore 2010/04/11 v3.0.1a (rcs-revision 1.7)

(/usr/share/texlive/texmf-dist/tex/generic/pgf/math/pgfmath.code.tex
(/usr/share/texlive/texmf-dist/tex/generic/pgf/math/pgfmathcalc.code.tex
(/usr/share/texlive/texmf-dist/tex/generic/pgf/math/pgfmathutil.code.tex)
(/usr/share/texlive/texmf-dist/tex/generic/pgf/math/pgfmathparser.code.tex
\pgfmath@dimen=\dimen146
\pgfmath@count=\count117
\pgfmath@box=\box35
\pgfmath@toks=\toks30
\pgfmath@stack@operand=\toks31
\pgfmath@stack@operation=\toks32
)
(/usr/share/texlive/texmf-dist/tex/generic/pgf/math/pgfmathfunctions.code.tex
(/usr/share/texlive/texmf-dist/tex/generic/pgf/math/pgfmathfunctions.basic.code
.tex)
(/usr/share/texlive/texmf-dist/tex/generic/pgf/math/pgfmathfunctions.trigonomet
ric.code.tex)
(/usr/share/texlive/texmf-dist/tex/generic/pgf/math/pgfmathfunctions.random.cod
e.tex)
(/usr/share/texlive/texmf-dist/tex/generic/pgf/math/pgfmathfunctions.comparison
.code.tex)
(/usr/share/texlive/texmf-dist/tex/generic/pgf/math/pgfmathfunctions.base.code.
tex)
(/usr/share/texlive/texmf-dist/tex/generic/pgf/math/pgfmathfunctions.round.code
.tex)
(/usr/share/texlive/texmf-dist/tex/generic/pgf/math/pgfmathfunctions.misc.code.
tex)
(/usr/share/texlive/texmf-dist/tex/generic/pgf/math/pgfmathfunctions.integerari
thmetics.code.tex)))
(/usr/share/texlive/texmf-dist/tex/generic/pgf/math/pgfmathfloat.code.tex
\c@pgfmathroundto@lastzeros=\count118
))
(/usr/share/texlive/texmf-dist/tex/generic/pgf/basiclayer/pgfcorepoints.code.te
x
File: pgfcorepoints.code.tex 2013/10/07  (rcs-revision 1.27)
\pgf@picminx=\dimen147
\pgf@picmaxx=\dimen148
\pgf@picminy=\dimen149
\pgf@picmaxy=\dimen150
\pgf@pathminx=\dimen151
\pgf@pathmaxx=\dimen152
\pgf@pathminy=\dimen153
\pgf@pathmaxy=\dimen154
\pgf@xx=\dimen155
\pgf@xy=\dimen156
\pgf@yx=\dimen157
\pgf@yy=\dimen158
\pgf@zx=\dimen159
\pgf@zy=\dimen160
)
(/usr/share/texlive/texmf-dist/tex/generic/pgf/basiclayer/pgfcorepathconstruct.
code.tex
File: pgfcorepathconstruct.code.tex 2013/10/07  (rcs-revision 1.29)
\pgf@path@lastx=\dimen161
\pgf@path@lasty=\dimen162
)
(/usr/share/texlive/texmf-dist/tex/generic/pgf/basiclayer/pgfcorepathusage.code
.tex
File: pgfcorepathusage.code.tex 2014/11/02  (rcs-revision 1.24)
\pgf@shorten@end@additional=\dimen163
\pgf@shorten@start@additional=\dimen164
)
(/usr/share/texlive/texmf-dist/tex/generic/pgf/basiclayer/pgfcorescopes.code.te
x
File: pgfcorescopes.code.tex 2015/05/08  (rcs-revision 1.46)
\pgfpic=\box36
\pgf@hbox=\box37
\pgf@layerbox@main=\box38
\pgf@picture@serial@count=\count119
)
(/usr/share/texlive/texmf-dist/tex/generic/pgf/basiclayer/pgfcoregraphicstate.c
ode.tex
File: pgfcoregraphicstate.code.tex 2014/11/02  (rcs-revision 1.12)
\pgflinewidth=\dimen165
)
(/usr/share/texlive/texmf-dist/tex/generic/pgf/basiclayer/pgfcoretransformation
s.code.tex
File: pgfcoretransformations.code.tex 2015/08/07  (rcs-revision 1.20)
\pgf@pt@x=\dimen166
\pgf@pt@y=\dimen167
\pgf@pt@temp=\dimen168
)
(/usr/share/texlive/texmf-dist/tex/generic/pgf/basiclayer/pgfcorequick.code.tex
File: pgfcorequick.code.tex 2008/10/09  (rcs-revision 1.3)
)
(/usr/share/texlive/texmf-dist/tex/generic/pgf/basiclayer/pgfcoreobjects.code.t
ex
File: pgfcoreobjects.code.tex 2006/10/11  (rcs-revision 1.2)
)
(/usr/share/texlive/texmf-dist/tex/generic/pgf/basiclayer/pgfcorepathprocessing
.code.tex
File: pgfcorepathprocessing.code.tex 2013/09/09  (rcs-revision 1.9)
)
(/usr/share/texlive/texmf-dist/tex/generic/pgf/basiclayer/pgfcorearrows.code.te
x
File: pgfcorearrows.code.tex 2015/05/14  (rcs-revision 1.43)
\pgfarrowsep=\dimen169
)
(/usr/share/texlive/texmf-dist/tex/generic/pgf/basiclayer/pgfcoreshade.code.tex
File: pgfcoreshade.code.tex 2013/07/15  (rcs-revision 1.15)
\pgf@max=\dimen170
\pgf@sys@shading@range@num=\count120
)
(/usr/share/texlive/texmf-dist/tex/generic/pgf/basiclayer/pgfcoreimage.code.tex
File: pgfcoreimage.code.tex 2013/07/15  (rcs-revision 1.18)

(/usr/share/texlive/texmf-dist/tex/generic/pgf/basiclayer/pgfcoreexternal.code.
tex
File: pgfcoreexternal.code.tex 2014/07/09  (rcs-revision 1.21)
\pgfexternal@startupbox=\box39
))
(/usr/share/texlive/texmf-dist/tex/generic/pgf/basiclayer/pgfcorelayers.code.te
x
File: pgfcorelayers.code.tex 2013/07/18  (rcs-revision 1.7)
)
(/usr/share/texlive/texmf-dist/tex/generic/pgf/basiclayer/pgfcoretransparency.c
ode.tex
File: pgfcoretransparency.code.tex 2013/09/30  (rcs-revision 1.5)
)
(/usr/share/texlive/texmf-dist/tex/generic/pgf/basiclayer/pgfcorepatterns.code.
tex
File: pgfcorepatterns.code.tex 2013/11/07  (rcs-revision 1.5)
)))
(/usr/share/texlive/texmf-dist/tex/generic/pgf/modules/pgfmoduleshapes.code.tex
File: pgfmoduleshapes.code.tex 2014/03/21  (rcs-revision 1.35)
\pgfnodeparttextbox=\box40
) (/usr/share/texlive/texmf-dist/tex/generic/pgf/modules/pgfmoduleplot.code.tex
File: pgfmoduleplot.code.tex 2015/08/03  (rcs-revision 1.13)
)
(/usr/share/texlive/texmf-dist/tex/latex/pgf/compatibility/pgfcomp-version-0-65
.sty
Package: pgfcomp-version-0-65 2007/07/03 v3.0.1a (rcs-revision 1.7)
\pgf@nodesepstart=\dimen171
\pgf@nodesepend=\dimen172
)
(/usr/share/texlive/texmf-dist/tex/latex/pgf/compatibility/pgfcomp-version-1-18
.sty
Package: pgfcomp-version-1-18 2007/07/23 v3.0.1a (rcs-revision 1.1)
)) (/usr/share/texlive/texmf-dist/tex/latex/pgf/utilities/pgffor.sty
(/usr/share/texlive/texmf-dist/tex/latex/pgf/utilities/pgfkeys.sty
(/usr/share/texlive/texmf-dist/tex/generic/pgf/utilities/pgfkeys.code.tex))
(/usr/share/texlive/texmf-dist/tex/latex/pgf/math/pgfmath.sty
(/usr/share/texlive/texmf-dist/tex/generic/pgf/math/pgfmath.code.tex))
(/usr/share/texlive/texmf-dist/tex/generic/pgf/utilities/pgffor.code.tex
Package: pgffor 2013/12/13 v3.0.1a (rcs-revision 1.25)

(/usr/share/texlive/texmf-dist/tex/generic/pgf/math/pgfmath.code.tex)
\pgffor@iter=\dimen173
\pgffor@skip=\dimen174
\pgffor@stack=\toks33
\pgffor@toks=\toks34
))
(/usr/share/texlive/texmf-dist/tex/generic/pgf/frontendlayer/tikz/tikz.code.tex
Package: tikz 2015/08/07 v3.0.1a (rcs-revision 1.151)

(/usr/share/texlive/texmf-dist/tex/generic/pgf/libraries/pgflibraryplothandlers
.code.tex
File: pgflibraryplothandlers.code.tex 2013/08/31 v3.0.1a (rcs-revision 1.20)
\pgf@plot@mark@count=\count121
\pgfplotmarksize=\dimen175
)
\tikz@lastx=\dimen176
\tikz@lasty=\dimen177
\tikz@lastxsaved=\dimen178
\tikz@lastysaved=\dimen179
\tikzleveldistance=\dimen180
\tikzsiblingdistance=\dimen181
\tikz@figbox=\box41
\tikz@figbox@bg=\box42
\tikz@tempbox=\box43
\tikz@tempbox@bg=\box44
\tikztreelevel=\count122
\tikznumberofchildren=\count123
\tikznumberofcurrentchild=\count124
\tikz@fig@count=\count125

(/usr/share/texlive/texmf-dist/tex/generic/pgf/modules/pgfmodulematrix.code.tex
File: pgfmodulematrix.code.tex 2013/09/17  (rcs-revision 1.8)
\pgfmatrixcurrentrow=\count126
\pgfmatrixcurrentcolumn=\count127
\pgf@matrix@numberofcolumns=\count128
)
\tikz@expandcount=\count129

(/usr/share/texlive/texmf-dist/tex/generic/pgf/frontendlayer/tikz/libraries/tik
zlibrarytopaths.code.tex
File: tikzlibrarytopaths.code.tex 2008/06/17 v3.0.1a (rcs-revision 1.2)
)))
(/usr/share/texlive/texmf-dist/tex/generic/pgfplots/pgfplots.code.tex
(/usr/share/texlive/texmf-dist/tex/generic/pgfplots/pgfplotscore.code.tex
\t@pgfplots@toka=\toks35
\t@pgfplots@tokb=\toks36
\t@pgfplots@tokc=\toks37
\pgfplots@tmpa=\dimen182
\c@pgfplots@coordindex=\count130
\c@pgfplots@scanlineindex=\count131

(/usr/share/texlive/texmf-dist/tex/generic/pgfplots/sys/pgfplotssysgeneric.code
.tex))
(/usr/share/texlive/texmf-dist/tex/generic/pgfplots/libs/pgfplotslibrary.code.t
ex)
(/usr/share/texlive/texmf-dist/tex/generic/pgfplots/oldpgfcompatib/pgfplotsoldp
gfsupp_loader.code.tex
(/usr/share/texlive/texmf-dist/tex/generic/pgf/libraries/pgflibraryfpu.code.tex
)
Package pgfplots: loading complementary arithmetics for your pgf version...

(/usr/share/texlive/texmf-dist/tex/generic/pgfplots/oldpgfcompatib/pgfplotsoldp
gfsupp_pgflibraryfpu.code.tex)
(/usr/share/texlive/texmf-dist/tex/generic/pgfplots/oldpgfcompatib/pgfplotsoldp
gfsupp_pgfmathfloat.code.tex
\c@pgfmathroundto@lastzeros=\count132
))
(/usr/share/texlive/texmf-dist/tex/generic/pgfplots/util/pgfplotsutil.code.tex
(/usr/share/texlive/texmf-dist/tex/generic/pgfplots/liststructure/pgfplotslists
tructure.code.tex)
(/usr/share/texlive/texmf-dist/tex/generic/pgfplots/liststructure/pgfplotslists
tructureext.code.tex)
(/usr/share/texlive/texmf-dist/tex/generic/pgfplots/liststructure/pgfplotsarray
.code.tex
\c@pgfplotsarray@tmp=\count133
)
(/usr/share/texlive/texmf-dist/tex/generic/pgfplots/liststructure/pgfplotsmatri
x.code.tex)
(/usr/share/texlive/texmf-dist/tex/generic/pgfplots/numtable/pgfplotstableshare
d.code.tex
\c@pgfplotstable@counta=\count134
\t@pgfplotstable@a=\toks38
)
(/usr/share/texlive/texmf-dist/tex/generic/pgfplots/liststructure/pgfplotsdeque
.code.tex)
(/usr/share/texlive/texmf-dist/tex/generic/pgfplots/util/pgfplotsbinary.code.te
x
(/usr/share/texlive/texmf-dist/tex/generic/pgfplots/util/pgfplotsbinary.data.co
de.tex))
(/usr/share/texlive/texmf-dist/tex/generic/pgfplots/util/pgfplotsutil.verb.code
.tex)
(/usr/share/texlive/texmf-dist/tex/generic/pgfplots/libs/pgflibrarypgfplots.sur
fshading.code.tex
\c@pgfplotslibrarysurf@no=\count135

(/usr/share/texlive/texmf-dist/tex/generic/pgfplots/sys/pgflibrarypgfplots.surf
shading.pgfsys-pdftex.def)))
(/usr/share/texlive/texmf-dist/tex/generic/pgfplots/util/pgfplotscolormap.code.
tex
(/usr/share/texlive/texmf-dist/tex/generic/pgfplots/util/pgfplotscolor.code.tex
))
(/usr/share/texlive/texmf-dist/tex/generic/pgfplots/pgfplotsstackedplots.code.t
ex)
(/usr/share/texlive/texmf-dist/tex/generic/pgfplots/pgfplotsplothandlers.code.t
ex
(/usr/share/texlive/texmf-dist/tex/generic/pgfplots/pgfplotsmeshplothandler.cod
e.tex
(/usr/share/texlive/texmf-dist/tex/generic/pgfplots/pgfplotsmeshplotimage.code.
tex)))
(/usr/share/texlive/texmf-dist/tex/generic/pgfplots/pgfplots.scaling.code.tex)
(/usr/share/texlive/texmf-dist/tex/generic/pgfplots/pgfplotscoordprocessing.cod
e.tex)
(/usr/share/texlive/texmf-dist/tex/generic/pgfplots/pgfplots.errorbars.code.tex
) (/usr/share/texlive/texmf-dist/tex/generic/pgfplots/pgfplots.markers.code.tex
) (/usr/share/texlive/texmf-dist/tex/generic/pgfplots/pgfplotsticks.code.tex)
(/usr/share/texlive/texmf-dist/tex/generic/pgfplots/pgfplots.paths.code.tex)
(/usr/share/texlive/texmf-dist/tex/generic/pgf/frontendlayer/tikz/libraries/tik
zlibrarydecorations.code.tex
(/usr/share/texlive/texmf-dist/tex/generic/pgf/modules/pgfmoduledecorations.cod
e.tex
\pgfdecoratedcompleteddistance=\dimen183
\pgfdecoratedremainingdistance=\dimen184
\pgfdecoratedinputsegmentcompleteddistance=\dimen185
\pgfdecoratedinputsegmentremainingdistance=\dimen186
\pgf@decorate@distancetomove=\dimen187
\pgf@decorate@repeatstate=\count136
\pgfdecorationsegmentamplitude=\dimen188
\pgfdecorationsegmentlength=\dimen189
)
\tikz@lib@dec@box=\box45
)
(/usr/share/texlive/texmf-dist/tex/generic/pgf/frontendlayer/tikz/libraries/tik
zlibrarydecorations.pathmorphing.code.tex
(/usr/share/texlive/texmf-dist/tex/generic/pgf/libraries/decorations/pgflibrary
decorations.pathmorphing.code.tex))
(/usr/share/texlive/texmf-dist/tex/generic/pgf/frontendlayer/tikz/libraries/tik
zlibrarydecorations.pathreplacing.code.tex
(/usr/share/texlive/texmf-dist/tex/generic/pgf/libraries/decorations/pgflibrary
decorations.pathreplacing.code.tex))
\pgfplots@numplots=\count137
\pgfplots@xmin@reg=\dimen190
\pgfplots@xmax@reg=\dimen191
\pgfplots@ymin@reg=\dimen192
\pgfplots@ymax@reg=\dimen193
\pgfplots@zmin@reg=\dimen194
\pgfplots@zmax@reg=\dimen195
)
(/usr/share/texlive/texmf-dist/tex/generic/pgf/frontendlayer/tikz/libraries/tik
zlibraryplotmarks.code.tex
File: tikzlibraryplotmarks.code.tex 2008/01/09 v3.0.1a (rcs-revision 1.1)

(/usr/share/texlive/texmf-dist/tex/generic/pgf/libraries/pgflibraryplotmarks.co
de.tex
File: pgflibraryplotmarks.code.tex 2015/08/03 v3.0.1a (rcs-revision 1.14)
))) (/usr/share/texlive/texmf-dist/tex/latex/yfonts/yfonts.sty
Package: yfonts 2003/01/08 v1.3 (WaS)
Now handling font encoding LY ...
... no UTF-8 mapping file for font encoding LY
Now handling font encoding LYG ...
... no UTF-8 mapping file for font encoding LYG
)
(/usr/share/texlive/texmf-dist/tex/latex/pdfpages/pdfpages.sty
Package: pdfpages 2015/09/18 v0.5d Insert pages of external PDF documents (AM)

(/usr/share/texlive/texmf-dist/tex/latex/base/ifthen.sty
Package: ifthen 2014/09/29 v1.1c Standard LaTeX ifthen package (DPC)
)
(/usr/share/texlive/texmf-dist/tex/latex/eso-pic/eso-pic.sty
Package: eso-pic 2015/07/21 v2.0g eso-pic (RN)

(/usr/share/texlive/texmf-dist/tex/generic/oberdiek/atbegshi.sty
Package: atbegshi 2011/10/05 v1.16 At begin shipout hook (HO)

(/usr/share/texlive/texmf-dist/tex/generic/oberdiek/ifpdf.sty
Package: ifpdf 2011/01/30 v2.3 Provides the ifpdf switch (HO)
Package ifpdf Info: pdfTeX in PDF mode is detected.
)))
\AM@pagewidth=\dimen196
\AM@pageheight=\dimen197

(/usr/share/texlive/texmf-dist/tex/latex/pdfpages/pppdftex.def
File: pppdftex.def 2015/09/18 v0.5d Pdfpages driver for pdfTeX (AM)
)
\AM@pagebox=\box46
\AM@toc@title=\toks39
\c@AM@survey=\count138
\AM@templatesizebox=\box47
)
(/usr/share/texlive/texmf-dist/tex/latex/subfig/subfig.sty
Package: subfig 2005/06/28 ver: 1.3 subfig package

(/usr/share/texlive/texmf-dist/tex/latex/caption/caption.sty
Package: caption 2016/02/21 v3.3-144 Customizing captions (AR)

(/usr/share/texlive/texmf-dist/tex/latex/caption/caption3.sty
Package: caption3 2016/02/04 v1.7-139 caption3 kernel (AR)
Package caption3 Info: TeX engine: e-TeX on input line 67.
\captionmargin=\dimen198
\captionmargin@=\dimen199
\captionwidth=\dimen256
\caption@tempdima=\dimen257
\caption@indent=\dimen258
\caption@parindent=\dimen259
\caption@hangindent=\dimen260
)
Package caption Info: KOMA-Script document class.
\c@ContinuedFloat=\count139
Package caption Info: float package is loaded.
Package caption Info: wrapfig package is loaded.
)
\c@KVtest=\count140
\sf@farskip=\skip70
\sf@captopadj=\dimen261
\sf@capskip=\skip71
\sf@nearskip=\skip72
\c@subfigure=\count141
\c@subfigure@save=\count142
\c@lofdepth=\count143
\c@subtable=\count144
\c@subtable@save=\count145
\c@lotdepth=\count146
\sf@top=\skip73
\sf@bottom=\skip74
)
(/usr/share/texlive/texmf-dist/tex/latex/tools/tabularx.sty
Package: tabularx 2014/10/28 v2.10 `tabularx' package (DPC)
\TX@col@width=\dimen262
\TX@old@table=\dimen263
\TX@old@col=\dimen264
\TX@target=\dimen265
\TX@delta=\dimen266
\TX@cols=\count147
\TX@ftn=\toks40
)
(/usr/share/texlive/texmf-dist/tex/latex/listings/listings.sty
\lst@mode=\count148
\lst@gtempboxa=\box48
\lst@token=\toks41
\lst@length=\count149
\lst@currlwidth=\dimen267
\lst@column=\count150
\lst@pos=\count151
\lst@lostspace=\dimen268
\lst@width=\dimen269
\lst@newlines=\count152
\lst@lineno=\count153
\lst@maxwidth=\dimen270

(/usr/share/texlive/texmf-dist/tex/latex/listings/lstmisc.sty
File: lstmisc.sty 2015/06/04 1.6 (Carsten Heinz)
\c@lstnumber=\count154
\lst@skipnumbers=\count155
\lst@framebox=\box49
)
(/usr/share/texlive/texmf-dist/tex/latex/listings/listings.cfg
File: listings.cfg 2015/06/04 1.6 listings configuration
))
Package: listings 2015/06/04 1.6 (Carsten Heinz)

(/usr/share/texlive/texmf-dist/tex/latex/algorithm2e/algorithm2e.sty
Package: algorithm2e 2013/01/06 v5.00 algorithms environments
\c@AlgoLine=\count156
\algocf@hangindent=\skip75

(/usr/share/texlive/texmf-dist/tex/latex/tools/xspace.sty
Package: xspace 2014/10/28 v1.13 Space after command names (DPC,MH)
)
(/usr/share/texlive/texmf-dist/tex/latex/relsize/relsize.sty
Package: relsize 2013/03/29 ver 4.1
)
********************************************************
Package `algorithm2e' Release 5.1 -- october 19 2015 --
- algorithm2e-announce@lirmm.fr mailing list for announcement about releases
- algorithm2e-discussion@lirmm.fr mailing list for discussion about package
subscribe by emailing sympa@lirmm.fr with 'subscribe <list> <firstname name>'
- Author: Christophe Fiorio (christophe.fiorio@umontpellier.fr)
********************************************************
\skiptotal=\skip76
\skiplinenumber=\skip77
\skiprule=\skip78
\skiphlne=\skip79
\skiptext=\skip80
\skiplength=\skip81
\algomargin=\skip82
\skipalgocfslide=\skip83
\algowidth=\dimen271
\inoutsize=\dimen272
\inoutindent=\dimen273
\interspacetitleruled=\dimen274
\interspacealgoruled=\dimen275
\interspacetitleboxruled=\dimen276
\algocf@ruledwidth=\skip84
\algocf@inoutbox=\box50
\algocf@inputbox=\box51
\AlCapSkip=\skip85
\AlCapHSkip=\skip86
\algoskipindent=\skip87
\algocf@nlbox=\box52
\algocf@hangingbox=\box53
\algocf@untilbox=\box54
\algocf@skipuntil=\skip88
\algocf@capbox=\box55
\algoheightruledefault=\skip89
\algoheightrule=\skip90
\algotitleheightruledefault=\skip91
\algotitleheightrule=\skip92
\c@algocfline=\count157
\c@algocfproc=\count158
\c@algocf=\count159
\algocf@algoframe=\box56
\algocf@algobox=\box57
) (/usr/share/texlive/texmf-dist/tex/latex/multirow/multirow.sty
\bigstrutjot=\dimen277
)
(/usr/share/texlive/texmf-dist/tex/latex/base/textcomp.sty
Package: textcomp 2005/09/27 v1.99g Standard LaTeX package
Package textcomp Info: Sub-encoding information:
(textcomp)               5 = only ISO-Adobe without \textcurrency
(textcomp)               4 = 5 + \texteuro
(textcomp)               3 = 4 + \textohm
(textcomp)               2 = 3 + \textestimated + \textcurrency
(textcomp)               1 = TS1 - \textcircled - \t
(textcomp)               0 = TS1 (full)
(textcomp)             Font families with sub-encoding setting implement
(textcomp)             only a restricted character set as indicated.
(textcomp)             Family '?' is the default used for unknown fonts.
(textcomp)             See the documentation for details.
Package textcomp Info: Setting ? sub-encoding to TS1/1 on input line 79.

(/usr/share/texlive/texmf-dist/tex/latex/base/ts1enc.def
File: ts1enc.def 2001/06/05 v3.0e (jk/car/fm) Standard LaTeX file
Now handling font encoding TS1 ...
... processing UTF-8 mapping file for font encoding TS1

(/usr/share/texlive/texmf-dist/tex/latex/base/ts1enc.dfu
File: ts1enc.dfu 2015/12/03 v1.1r UTF-8 support for inputenc
   defining Unicode char U+00A2 (decimal 162)
   defining Unicode char U+00A3 (decimal 163)
   defining Unicode char U+00A4 (decimal 164)
   defining Unicode char U+00A5 (decimal 165)
   defining Unicode char U+00A6 (decimal 166)
   defining Unicode char U+00A7 (decimal 167)
   defining Unicode char U+00A8 (decimal 168)
   defining Unicode char U+00A9 (decimal 169)
   defining Unicode char U+00AA (decimal 170)
   defining Unicode char U+00AC (decimal 172)
   defining Unicode char U+00AE (decimal 174)
   defining Unicode char U+00AF (decimal 175)
   defining Unicode char U+00B0 (decimal 176)
   defining Unicode char U+00B1 (decimal 177)
   defining Unicode char U+00B2 (decimal 178)
   defining Unicode char U+00B3 (decimal 179)
   defining Unicode char U+00B4 (decimal 180)
   defining Unicode char U+00B5 (decimal 181)
   defining Unicode char U+00B6 (decimal 182)
   defining Unicode char U+00B7 (decimal 183)
   defining Unicode char U+00B9 (decimal 185)
   defining Unicode char U+00BA (decimal 186)
   defining Unicode char U+00BC (decimal 188)
   defining Unicode char U+00BD (decimal 189)
   defining Unicode char U+00BE (decimal 190)
   defining Unicode char U+00D7 (decimal 215)
   defining Unicode char U+00F7 (decimal 247)
   defining Unicode char U+0192 (decimal 402)
   defining Unicode char U+02C7 (decimal 711)
   defining Unicode char U+02D8 (decimal 728)
   defining Unicode char U+02DD (decimal 733)
   defining Unicode char U+0E3F (decimal 3647)
   defining Unicode char U+2016 (decimal 8214)
   defining Unicode char U+2020 (decimal 8224)
   defining Unicode char U+2021 (decimal 8225)
   defining Unicode char U+2022 (decimal 8226)
   defining Unicode char U+2030 (decimal 8240)
   defining Unicode char U+2031 (decimal 8241)
   defining Unicode char U+203B (decimal 8251)
   defining Unicode char U+203D (decimal 8253)
   defining Unicode char U+2044 (decimal 8260)
   defining Unicode char U+204E (decimal 8270)
   defining Unicode char U+2052 (decimal 8274)
   defining Unicode char U+20A1 (decimal 8353)
   defining Unicode char U+20A4 (decimal 8356)
   defining Unicode char U+20A6 (decimal 8358)
   defining Unicode char U+20A9 (decimal 8361)
   defining Unicode char U+20AB (decimal 8363)
   defining Unicode char U+20AC (decimal 8364)
   defining Unicode char U+20B1 (decimal 8369)
   defining Unicode char U+2103 (decimal 8451)
   defining Unicode char U+2116 (decimal 8470)
   defining Unicode char U+2117 (decimal 8471)
   defining Unicode char U+211E (decimal 8478)
   defining Unicode char U+2120 (decimal 8480)
   defining Unicode char U+2122 (decimal 8482)
   defining Unicode char U+2126 (decimal 8486)
   defining Unicode char U+2127 (decimal 8487)
   defining Unicode char U+212E (decimal 8494)
   defining Unicode char U+2190 (decimal 8592)
   defining Unicode char U+2191 (decimal 8593)
   defining Unicode char U+2192 (decimal 8594)
   defining Unicode char U+2193 (decimal 8595)
   defining Unicode char U+2329 (decimal 9001)
   defining Unicode char U+232A (decimal 9002)
   defining Unicode char U+2422 (decimal 9250)
   defining Unicode char U+25E6 (decimal 9702)
   defining Unicode char U+25EF (decimal 9711)
   defining Unicode char U+266A (decimal 9834)
))
LaTeX Info: Redefining \oldstylenums on input line 334.
Package textcomp Info: Setting cmr sub-encoding to TS1/0 on input line 349.
Package textcomp Info: Setting cmss sub-encoding to TS1/0 on input line 350.
Package textcomp Info: Setting cmtt sub-encoding to TS1/0 on input line 351.
Package textcomp Info: Setting cmvtt sub-encoding to TS1/0 on input line 352.
Package textcomp Info: Setting cmbr sub-encoding to TS1/0 on input line 353.
Package textcomp Info: Setting cmtl sub-encoding to TS1/0 on input line 354.
Package textcomp Info: Setting ccr sub-encoding to TS1/0 on input line 355.
Package textcomp Info: Setting ptm sub-encoding to TS1/4 on input line 356.
Package textcomp Info: Setting pcr sub-encoding to TS1/4 on input line 357.
Package textcomp Info: Setting phv sub-encoding to TS1/4 on input line 358.
Package textcomp Info: Setting ppl sub-encoding to TS1/3 on input line 359.
Package textcomp Info: Setting pag sub-encoding to TS1/4 on input line 360.
Package textcomp Info: Setting pbk sub-encoding to TS1/4 on input line 361.
Package textcomp Info: Setting pnc sub-encoding to TS1/4 on input line 362.
Package textcomp Info: Setting pzc sub-encoding to TS1/4 on input line 363.
Package textcomp Info: Setting bch sub-encoding to TS1/4 on input line 364.
Package textcomp Info: Setting put sub-encoding to TS1/5 on input line 365.
Package textcomp Info: Setting uag sub-encoding to TS1/5 on input line 366.
Package textcomp Info: Setting ugq sub-encoding to TS1/5 on input line 367.
Package textcomp Info: Setting ul8 sub-encoding to TS1/4 on input line 368.
Package textcomp Info: Setting ul9 sub-encoding to TS1/4 on input line 369.
Package textcomp Info: Setting augie sub-encoding to TS1/5 on input line 370.
Package textcomp Info: Setting dayrom sub-encoding to TS1/3 on input line 371.
Package textcomp Info: Setting dayroms sub-encoding to TS1/3 on input line 372.

Package textcomp Info: Setting pxr sub-encoding to TS1/0 on input line 373.
Package textcomp Info: Setting pxss sub-encoding to TS1/0 on input line 374.
Package textcomp Info: Setting pxtt sub-encoding to TS1/0 on input line 375.
Package textcomp Info: Setting txr sub-encoding to TS1/0 on input line 376.
Package textcomp Info: Setting txss sub-encoding to TS1/0 on input line 377.
Package textcomp Info: Setting txtt sub-encoding to TS1/0 on input line 378.
Package textcomp Info: Setting lmr sub-encoding to TS1/0 on input line 379.
Package textcomp Info: Setting lmdh sub-encoding to TS1/0 on input line 380.
Package textcomp Info: Setting lmss sub-encoding to TS1/0 on input line 381.
Package textcomp Info: Setting lmssq sub-encoding to TS1/0 on input line 382.
Package textcomp Info: Setting lmvtt sub-encoding to TS1/0 on input line 383.
Package textcomp Info: Setting lmtt sub-encoding to TS1/0 on input line 384.
Package textcomp Info: Setting qhv sub-encoding to TS1/0 on input line 385.
Package textcomp Info: Setting qag sub-encoding to TS1/0 on input line 386.
Package textcomp Info: Setting qbk sub-encoding to TS1/0 on input line 387.
Package textcomp Info: Setting qcr sub-encoding to TS1/0 on input line 388.
Package textcomp Info: Setting qcs sub-encoding to TS1/0 on input line 389.
Package textcomp Info: Setting qpl sub-encoding to TS1/0 on input line 390.
Package textcomp Info: Setting qtm sub-encoding to TS1/0 on input line 391.
Package textcomp Info: Setting qzc sub-encoding to TS1/0 on input line 392.
Package textcomp Info: Setting qhvc sub-encoding to TS1/0 on input line 393.
Package textcomp Info: Setting futs sub-encoding to TS1/4 on input line 394.
Package textcomp Info: Setting futx sub-encoding to TS1/4 on input line 395.
Package textcomp Info: Setting futj sub-encoding to TS1/4 on input line 396.
Package textcomp Info: Setting hlh sub-encoding to TS1/3 on input line 397.
Package textcomp Info: Setting hls sub-encoding to TS1/3 on input line 398.
Package textcomp Info: Setting hlst sub-encoding to TS1/3 on input line 399.
Package textcomp Info: Setting hlct sub-encoding to TS1/5 on input line 400.
Package textcomp Info: Setting hlx sub-encoding to TS1/5 on input line 401.
Package textcomp Info: Setting hlce sub-encoding to TS1/5 on input line 402.
Package textcomp Info: Setting hlcn sub-encoding to TS1/5 on input line 403.
Package textcomp Info: Setting hlcw sub-encoding to TS1/5 on input line 404.
Package textcomp Info: Setting hlcf sub-encoding to TS1/5 on input line 405.
Package textcomp Info: Setting pplx sub-encoding to TS1/3 on input line 406.
Package textcomp Info: Setting pplj sub-encoding to TS1/3 on input line 407.
Package textcomp Info: Setting ptmx sub-encoding to TS1/4 on input line 408.
Package textcomp Info: Setting ptmj sub-encoding to TS1/4 on input line 409.
)
(/usr/share/texlive/texmf-dist/tex/latex/amsmath/amsmath.sty
Package: amsmath 2016/03/03 v2.15a AMS math features
\@mathmargin=\skip93

For additional information on amsmath, use the `?' option.
(/usr/share/texlive/texmf-dist/tex/latex/amsmath/amstext.sty
Package: amstext 2000/06/29 v2.01 AMS text

(/usr/share/texlive/texmf-dist/tex/latex/amsmath/amsgen.sty
File: amsgen.sty 1999/11/30 v2.0 generic functions
\@emptytoks=\toks42
\ex@=\dimen278
))
(/usr/share/texlive/texmf-dist/tex/latex/amsmath/amsbsy.sty
Package: amsbsy 1999/11/29 v1.2d Bold Symbols
\pmbraise@=\dimen279
)
(/usr/share/texlive/texmf-dist/tex/latex/amsmath/amsopn.sty
Package: amsopn 1999/12/14 v2.01 operator names
)
\inf@bad=\count160
LaTeX Info: Redefining \frac on input line 199.
\uproot@=\count161
\leftroot@=\count162
LaTeX Info: Redefining \overline on input line 297.
\classnum@=\count163
\DOTSCASE@=\count164
LaTeX Info: Redefining \ldots on input line 394.
LaTeX Info: Redefining \dots on input line 397.
LaTeX Info: Redefining \cdots on input line 518.
\Mathstrutbox@=\box58
\strutbox@=\box59
\big@size=\dimen280
LaTeX Font Info:    Redeclaring font encoding OML on input line 630.
LaTeX Font Info:    Redeclaring font encoding OMS on input line 631.
\macc@depth=\count165
\c@MaxMatrixCols=\count166
\dotsspace@=\muskip10
\c@parentequation=\count167
\dspbrk@lvl=\count168
\tag@help=\toks43
\row@=\count169
\column@=\count170
\maxfields@=\count171
\andhelp@=\toks44
\eqnshift@=\dimen281
\alignsep@=\dimen282
\tagshift@=\dimen283
\tagwidth@=\dimen284
\totwidth@=\dimen285
\lineht@=\dimen286
\@envbody=\toks45
\multlinegap=\skip94
\multlinetaggap=\skip95
\mathdisplay@stack=\toks46
LaTeX Info: Redefining \[ on input line 2735.
LaTeX Info: Redefining \] on input line 2736.
)
(/usr/share/texlive/texmf-dist/tex/latex/amsfonts/amssymb.sty
Package: amssymb 2013/01/14 v3.01 AMS font symbols

(/usr/share/texlive/texmf-dist/tex/latex/amsfonts/amsfonts.sty
Package: amsfonts 2013/01/14 v3.01 Basic AMSFonts support
\symAMSa=\mathgroup4
\symAMSb=\mathgroup5
LaTeX Font Info:    Overwriting math alphabet `\mathfrak' in version `bold'
(Font)                  U/euf/m/n --> U/euf/b/n on input line 106.
))
(/usr/share/texlive/texmf-dist/tex/latex/base/makeidx.sty
Package: makeidx 2014/09/29 v1.0m Standard LaTeX package
)
\@indexfile=\write4
\openout4 = `Bachelor_Kogni_Marius_Hobbhahn_2018.idx'.


Writing index file Bachelor_Kogni_Marius_Hobbhahn_2018.idx
(/usr/share/texlive/texmf-dist/tex/latex/hyperref/hyperref.sty
Package: hyperref 2012/11/06 v6.83m Hypertext links for LaTeX

(/usr/share/texlive/texmf-dist/tex/generic/oberdiek/hobsub-hyperref.sty
Package: hobsub-hyperref 2012/05/28 v1.13 Bundle oberdiek, subset hyperref (HO)


(/usr/share/texlive/texmf-dist/tex/generic/oberdiek/hobsub-generic.sty
Package: hobsub-generic 2012/05/28 v1.13 Bundle oberdiek, subset generic (HO)
Package: hobsub 2012/05/28 v1.13 Construct package bundles (HO)
Package hobsub Info: Skipping package `infwarerr' (already loaded).
Package hobsub Info: Skipping package `ltxcmds' (already loaded).
Package: ifluatex 2010/03/01 v1.3 Provides the ifluatex switch (HO)
Package ifluatex Info: LuaTeX not detected.
Package: ifvtex 2010/03/01 v1.5 Detect VTeX and its facilities (HO)
Package ifvtex Info: VTeX not detected.
Package: intcalc 2007/09/27 v1.1 Expandable calculations with integers (HO)
Package hobsub Info: Skipping package `ifpdf' (already loaded).
Package: etexcmds 2011/02/16 v1.5 Avoid name clashes with e-TeX commands (HO)
Package etexcmds Info: Could not find \expanded.
(etexcmds)             That can mean that you are not using pdfTeX 1.50 or
(etexcmds)             that some package has redefined \expanded.
(etexcmds)             In the latter case, load this package earlier.
Package: kvsetkeys 2012/04/25 v1.16 Key value parser (HO)
Package: kvdefinekeys 2011/04/07 v1.3 Define keys (HO)
Package: pdftexcmds 2011/11/29 v0.20 Utility functions of pdfTeX for LuaTeX (HO
)
Package pdftexcmds Info: LuaTeX not detected.
Package pdftexcmds Info: \pdf@primitive is available.
Package pdftexcmds Info: \pdf@ifprimitive is available.
Package pdftexcmds Info: \pdfdraftmode found.
Package: pdfescape 2011/11/25 v1.13 Implements pdfTeX's escape features (HO)
Package: bigintcalc 2012/04/08 v1.3 Expandable calculations on big integers (HO
)
Package: bitset 2011/01/30 v1.1 Handle bit-vector datatype (HO)
Package: uniquecounter 2011/01/30 v1.2 Provide unlimited unique counter (HO)
)
Package hobsub Info: Skipping package `hobsub' (already loaded).
Package: letltxmacro 2010/09/02 v1.4 Let assignment for LaTeX macros (HO)
Package: hopatch 2012/05/28 v1.2 Wrapper for package hooks (HO)
Package: xcolor-patch 2011/01/30 xcolor patch
Package: atveryend 2011/06/30 v1.8 Hooks at the very end of document (HO)
Package atveryend Info: \enddocument detected (standard20110627).
Package hobsub Info: Skipping package `atbegshi' (already loaded).
Package: refcount 2011/10/16 v3.4 Data extraction from label references (HO)
Package: hycolor 2011/01/30 v1.7 Color options for hyperref/bookmark (HO)
)
(/usr/share/texlive/texmf-dist/tex/generic/ifxetex/ifxetex.sty
Package: ifxetex 2010/09/12 v0.6 Provides ifxetex conditional
)
(/usr/share/texlive/texmf-dist/tex/latex/oberdiek/auxhook.sty
Package: auxhook 2011/03/04 v1.3 Hooks for auxiliary files (HO)
)
(/usr/share/texlive/texmf-dist/tex/latex/oberdiek/kvoptions.sty
Package: kvoptions 2011/06/30 v3.11 Key value format for package options (HO)
)
\@linkdim=\dimen287
\Hy@linkcounter=\count172
\Hy@pagecounter=\count173

(/usr/share/texlive/texmf-dist/tex/latex/hyperref/pd1enc.def
File: pd1enc.def 2012/11/06 v6.83m Hyperref: PDFDocEncoding definition (HO)
Now handling font encoding PD1 ...
... no UTF-8 mapping file for font encoding PD1
)
\Hy@SavedSpaceFactor=\count174

(/usr/share/texlive/texmf-dist/tex/latex/latexconfig/hyperref.cfg
File: hyperref.cfg 2002/06/06 v1.2 hyperref configuration of TeXLive
)
Package hyperref Info: Hyper figures OFF on input line 4443.
Package hyperref Info: Link nesting OFF on input line 4448.
Package hyperref Info: Hyper index ON on input line 4451.
Package hyperref Info: Plain pages OFF on input line 4458.
Package hyperref Info: Backreferencing OFF on input line 4463.
Package hyperref Info: Implicit mode ON; LaTeX internals redefined.
Package hyperref Info: Bookmarks ON on input line 4688.
\c@Hy@tempcnt=\count175

(/usr/share/texlive/texmf-dist/tex/latex/url/url.sty
\Urlmuskip=\muskip11
Package: url 2013/09/16  ver 3.4  Verb mode for urls, etc.
)
LaTeX Info: Redefining \url on input line 5041.
\XeTeXLinkMargin=\dimen288
\Fld@menulength=\count176
\Field@Width=\dimen289
\Fld@charsize=\dimen290
Package hyperref Info: Hyper figures OFF on input line 6295.
Package hyperref Info: Link nesting OFF on input line 6300.
Package hyperref Info: Hyper index ON on input line 6303.
Package hyperref Info: backreferencing OFF on input line 6310.
Package hyperref Info: Link coloring OFF on input line 6315.
Package hyperref Info: Link coloring with OCG OFF on input line 6320.
Package hyperref Info: PDF/A mode OFF on input line 6325.
LaTeX Info: Redefining \ref on input line 6365.
LaTeX Info: Redefining \pageref on input line 6369.
\Hy@abspage=\count177
\c@Item=\count178
\c@Hfootnote=\count179
)

Package hyperref Message: Driver (autodetected): hpdftex.

(/usr/share/texlive/texmf-dist/tex/latex/hyperref/hpdftex.def
File: hpdftex.def 2012/11/06 v6.83m Hyperref driver for pdfTeX
\Fld@listcount=\count180
\c@bookmark@seq@number=\count181

(/usr/share/texlive/texmf-dist/tex/latex/oberdiek/rerunfilecheck.sty
Package: rerunfilecheck 2011/04/15 v1.7 Rerun checks for auxiliary files (HO)
Package uniquecounter Info: New unique counter `rerunfilecheck' on input line 2
82.
)
\Hy@SectionHShift=\skip96
))
(./Bachelor_Kogni_Marius_Hobbhahn_2018.aux (./chapters/Cover.aux)
(./chapters/Abstract.aux) (./chapters/Introduction.aux) (./chapters/Theory.aux)
(./chapters/ICGM.aux) (./chapters/Experiments.aux) (./chapters/Conclusion.aux)
(./chapters/Declaration.aux))
\openout1 = `Bachelor_Kogni_Marius_Hobbhahn_2018.aux'.

LaTeX Font Info:    Checking defaults for OML/cmm/m/it on input line 38.
LaTeX Font Info:    ... okay on input line 38.
LaTeX Font Info:    Checking defaults for T1/cmr/m/n on input line 38.
LaTeX Font Info:    ... okay on input line 38.
LaTeX Font Info:    Checking defaults for OT1/cmr/m/n on input line 38.
LaTeX Font Info:    ... okay on input line 38.
LaTeX Font Info:    Checking defaults for OMS/cmsy/m/n on input line 38.
LaTeX Font Info:    ... okay on input line 38.
LaTeX Font Info:    Checking defaults for OMX/cmex/m/n on input line 38.
LaTeX Font Info:    ... okay on input line 38.
LaTeX Font Info:    Checking defaults for U/cmr/m/n on input line 38.
LaTeX Font Info:    ... okay on input line 38.
LaTeX Font Info:    Checking defaults for LY/yfrak/m/n on input line 38.
LaTeX Font Info:    ... okay on input line 38.
LaTeX Font Info:    Checking defaults for LYG/ygoth/m/n on input line 38.
LaTeX Font Info:    ... okay on input line 38.
LaTeX Font Info:    Checking defaults for TS1/cmr/m/n on input line 38.
LaTeX Font Info:    Try loading font information for TS1+cmr on input line 38.

(/usr/share/texlive/texmf-dist/tex/latex/base/ts1cmr.fd
File: ts1cmr.fd 2014/09/29 v2.5h Standard LaTeX font definitions
)
LaTeX Font Info:    ... okay on input line 38.
LaTeX Font Info:    Checking defaults for PD1/pdf/m/n on input line 38.
LaTeX Font Info:    ... okay on input line 38.

(/usr/share/texlive/texmf-dist/tex/context/base/supp-pdf.mkii
[Loading MPS to PDF converter (version 2006.09.02).]
\scratchcounter=\count182
\scratchdimen=\dimen291
\scratchbox=\box60
\nofMPsegments=\count183
\nofMParguments=\count184
\everyMPshowfont=\toks47
\MPscratchCnt=\count185
\MPscratchDim=\dimen292
\MPnumerator=\count186
\makeMPintoPDFobject=\count187
\everyMPtoPDFconversion=\toks48
) (/usr/share/texlive/texmf-dist/tex/latex/oberdiek/epstopdf-base.sty
Package: epstopdf-base 2010/02/09 v2.5 Base part for package epstopdf

(/usr/share/texlive/texmf-dist/tex/latex/oberdiek/grfext.sty
Package: grfext 2010/08/19 v1.1 Manage graphics extensions (HO)
)
Package grfext Info: Graphics extension search list:
(grfext)             [.png,.pdf,.jpg,.mps,.jpeg,.jbig2,.jb2,.PNG,.PDF,.JPG,.JPE
G,.JBIG2,.JB2,.eps]
(grfext)             \AppendGraphicsExtensions on input line 452.

(/usr/share/texlive/texmf-dist/tex/latex/latexconfig/epstopdf-sys.cfg
File: epstopdf-sys.cfg 2010/07/13 v1.3 Configuration of (r)epstopdf for TeX Liv
e
))
ABD: EveryShipout initializing macros

Package pgfplots Warning: running in backwards compatibility mode (unsuitable t
ick labels; missing features). Consider writing \pgfplotsset{compat=1.13} into 
your preamble.
 on input line 38.

\AtBeginShipoutBox=\box61
(/usr/share/texlive/texmf-dist/tex/latex/oberdiek/pdflscape.sty
Package: pdflscape 2008/08/11 v0.10 Display of landscape pages in PDF (HO)

(/usr/share/texlive/texmf-dist/tex/latex/graphics/lscape.sty
Package: lscape 2000/10/22 v3.01 Landscape Pages (DPC)
)
Package pdflscape Info: Auto-detected driver: pdftex on input line 80.
)
Package caption Info: Begin \AtBeginDocument code.
Package caption Info: subfig package v1.3 is loaded.
Package caption Info: hyperref package is loaded.
Package caption Info: listings package is loaded.
Package caption Info: End \AtBeginDocument code.
\c@lstlisting=\count188
Package hyperref Info: Link coloring OFF on input line 38.

(/usr/share/texlive/texmf-dist/tex/latex/hyperref/nameref.sty
Package: nameref 2012/10/27 v2.43 Cross-referencing by name of section

(/usr/share/texlive/texmf-dist/tex/generic/oberdiek/gettitlestring.sty
Package: gettitlestring 2010/12/03 v1.4 Cleanup title references (HO)
)
\c@section@level=\count189
)
LaTeX Info: Redefining \ref on input line 38.
LaTeX Info: Redefining \pageref on input line 38.
LaTeX Info: Redefining \nameref on input line 38.

(./Bachelor_Kogni_Marius_Hobbhahn_2018.out)
(./Bachelor_Kogni_Marius_Hobbhahn_2018.out)
\@outlinefile=\write5
\openout5 = `Bachelor_Kogni_Marius_Hobbhahn_2018.out'.

\openout2 = `chapters/Cover.aux'.

 (./chapters/Cover.tex [1

{/var/lib/texmf/fonts/map/pdftex/updmap/pdftex.map}] [2])
\openout2 = `chapters/Abstract.aux'.

 (./chapters/Abstract.tex
Underfull \hbox (badness 10000) in paragraph at lines 4--10

 []


Underfull \vbox (badness 10000) has occurred while \output is active []

 [3]
Underfull \hbox (badness 10000) in paragraph at lines 15--21

 []

) [4]
LaTeX Font Info:    Try loading font information for T1+aess on input line 88.
 (/usr/share/texlive/texmf-dist/tex/latex/ae/t1aess.fd
File: t1aess.fd 1997/11/16 Font definitions for T1/aess.
)
(./Bachelor_Kogni_Marius_Hobbhahn_2018.toc
LaTeX Font Info:    Try loading font information for U+msa on input line 5.

(/usr/share/texlive/texmf-dist/tex/latex/amsfonts/umsa.fd
File: umsa.fd 2013/01/14 v3.01 AMS symbols A
)
LaTeX Font Info:    Try loading font information for U+msb on input line 5.

(/usr/share/texlive/texmf-dist/tex/latex/amsfonts/umsb.fd
File: umsb.fd 2013/01/14 v3.01 AMS symbols B
) [5])
\tf@toc=\write6
\openout6 = `Bachelor_Kogni_Marius_Hobbhahn_2018.toc'.

pdfTeX warning (ext4): destination with the same identifier (name{page.i}) has 
been already used, duplicate ignored
<to be read again> 
                   \relax 
l.121 \mainmatter
                  [1]pdfTeX warning (ext4): destination with the same identifie
r (name{page.ii}) has been already used, duplicate ignored
<to be read again> 
                   \relax 
l.121 \mainmatter
                  [2


]
\c@romcounter=\count190
\openout2 = `chapters/Introduction.aux'.

 (./chapters/Introduction.tex
chapter 1.

Class scrbook Warning: \float@addtolists detected!
(scrbook)              Implementation of \float@addtolist became
(scrbook)              deprecated in KOMA-Script v3.01 2008/11/14 and
(scrbook)              has been replaced by several more flexible
(scrbook)              features of package `tocbasic`.
(scrbook)              Since Version 3.12 support for deprecated
(scrbook)              \float@addtolist interface has been
(scrbook)              restricted to only some of the KOMA-Script
(scrbook)              features and been removed from others.
(scrbook)              Loading of package `scrhack' may help to
(scrbook)              avoid this warning, if you are using a
(scrbook)              a package that still implements the
(scrbook)              deprecated \float@addtolist interface .

[1



]) [2]
\openout2 = `chapters/Theory.aux'.

 (./chapters/Theory.tex
chapter 2.
<images/RNN.png, id=340, 476.53032pt x 233.37187pt>
File: images/RNN.png Graphic file (type png)
 <use images/RNN.png>
Package pdftex.def Info: images/RNN.png used on input line 12.
(pdftex.def)             Requested size: 314.99863pt x 154.2716pt.

<images/unfolded_RNN.png, id=345, 803.0pt x 268.00125pt>
File: images/unfolded_RNN.png Graphic file (type png)

<use images/unfolded_RNN.png>
Package pdftex.def Info: images/unfolded_RNN.png used on input line 20.
(pdftex.def)             Requested size: 404.99725pt x 135.16985pt.
LaTeX Font Info:    Try loading font information for T1+aett on input line 26.

(/usr/share/texlive/texmf-dist/tex/latex/ae/t1aett.fd
File: t1aett.fd 1997/11/16 Font definitions for T1/aett.
)
Overfull \hbox (39.33911pt too wide) in paragraph at lines 26--26
[][][][]$\T1/aett/m/n/10 https : / / tex . stackexchange . com / questions / 36
4413 / drawing-[]an-[]unfolded-[]recurrent-[]neural-[]network$[]| 
 []

[3




 <./images/RNN.png>] [4pdfTeX warning (ext4): destination with the same identif
ier (name{Hfootnote.2}) has been already used, duplicate ignored

\@EveryShipout@Output ...@Org@Shipout \box \@cclv 
                                                  
l.44 \end{align}
                 <./images/unfolded_RNN.png>]
<images/LSTM.png, id=381, 2007.5pt x 1104.125pt>
File: images/LSTM.png Graphic file (type png)
 <use images/LSTM.png>
Package pdftex.def Info: images/LSTM.png used on input line 56.
(pdftex.def)             Requested size: 450.0pt x 247.49078pt.
 [5 <./images/LSTM.png>] [6]
Underfull \vbox (badness 10000) has occurred while \output is active []

 [7])
[8] [9]
\openout2 = `chapters/ICGM.aux'.

 (./chapters/ICGM.tex [10




]
chapter 3.
<images/generative_model.png, id=446, 922.44624pt x 397.485pt>
File: images/generative_model.png Graphic file (type png)

<use images/generative_model.png>
Package pdftex.def Info: images/generative_model.png used on input line 14.
(pdftex.def)             Requested size: 450.0pt x 193.90204pt.
 [11]
<images/inverse_classification.png, id=453, 934.49126pt x 397.485pt>
File: images/inverse_classification.png Graphic file (type png)

<use images/inverse_classification.png>
Package pdftex.def Info: images/inverse_classification.png used on input line 2
5.
(pdftex.def)             Requested size: 450.0pt x 191.40927pt.
) [12 <./images/generative_model.png>]
[13 <./images/inverse_classification.png>]
\openout2 = `chapters/Experiments.aux'.

 (./chapters/Experiments.tex [14




]
chapter 4.
<images/char_u_index_2540.png, id=470, 462.528pt x 346.896pt>
File: images/char_u_index_2540.png Graphic file (type png)

<use images/char_u_index_2540.png>
Package pdftex.def Info: images/char_u_index_2540.png used on input line 25.
(pdftex.def)             Requested size: 142.26378pt x 106.70032pt.

<images/char_w_index_1239.png, id=471, 462.528pt x 346.896pt>
File: images/char_w_index_1239.png Graphic file (type png)

<use images/char_w_index_1239.png>
Package pdftex.def Info: images/char_w_index_1239.png used on input line 26.
(pdftex.def)             Requested size: 142.26378pt x 106.70032pt.
 [15]
<images/generative_model_details.png, id=484, 680.5425pt x 447.6725pt>
File: images/generative_model_details.png Graphic file (type png)

<use images/generative_model_details.png>
Package pdftex.def Info: images/generative_model_details.png used on input line
 43.
(pdftex.def)             Requested size: 314.99863pt x 207.20923pt.

Underfull \vbox (badness 10000) has occurred while \output is active []

 [16 <./images/char_u_index_2540.png> <./images/char_w_index_1239.png>] [17 <./
images/generative_model_details.png>] [18] [19]
<images/heat_maps/2_naked/a_2_naked_v0.png, id=533, 462.528pt x 346.896pt>
File: images/heat_maps/2_naked/a_2_naked_v0.png Graphic file (type png)

<use images/heat_maps/2_naked/a_2_naked_v0.png>
Package pdftex.def Info: images/heat_maps/2_naked/a_2_naked_v0.png used on inpu
t line 107.
(pdftex.def)             Requested size: 142.26378pt x 106.70032pt.

<images/heat_maps/2_naked/a_2_naked_v1.png, id=534, 462.528pt x 346.896pt>
File: images/heat_maps/2_naked/a_2_naked_v1.png Graphic file (type png)

<use images/heat_maps/2_naked/a_2_naked_v1.png>
Package pdftex.def Info: images/heat_maps/2_naked/a_2_naked_v1.png used on inpu
t line 108.
(pdftex.def)             Requested size: 142.26378pt x 106.70032pt.

<images/heat_maps/2_naked/a_2_naked_v2.png, id=535, 462.528pt x 346.896pt>
File: images/heat_maps/2_naked/a_2_naked_v2.png Graphic file (type png)

<use images/heat_maps/2_naked/a_2_naked_v2.png>
Package pdftex.def Info: images/heat_maps/2_naked/a_2_naked_v2.png used on inpu
t line 109.
(pdftex.def)             Requested size: 142.26378pt x 106.70032pt.

<images/heat_maps/2_naked/a_2_naked_v3.png, id=536, 462.528pt x 346.896pt>
File: images/heat_maps/2_naked/a_2_naked_v3.png Graphic file (type png)

<use images/heat_maps/2_naked/a_2_naked_v3.png>
Package pdftex.def Info: images/heat_maps/2_naked/a_2_naked_v3.png used on inpu
t line 110.
(pdftex.def)             Requested size: 142.26378pt x 106.70032pt.

<images/heat_maps/2_naked/a_2_naked_v4.png, id=537, 462.528pt x 346.896pt>
File: images/heat_maps/2_naked/a_2_naked_v4.png Graphic file (type png)

<use images/heat_maps/2_naked/a_2_naked_v4.png>
Package pdftex.def Info: images/heat_maps/2_naked/a_2_naked_v4.png used on inpu
t line 111.
(pdftex.def)             Requested size: 142.26378pt x 106.70032pt.

<images/heat_maps/2_naked/b_2_naked_v0.png, id=538, 462.528pt x 346.896pt>
File: images/heat_maps/2_naked/b_2_naked_v0.png Graphic file (type png)

<use images/heat_maps/2_naked/b_2_naked_v0.png>
Package pdftex.def Info: images/heat_maps/2_naked/b_2_naked_v0.png used on inpu
t line 112.
(pdftex.def)             Requested size: 142.26378pt x 106.70032pt.

Overfull \hbox (12.79134pt too wide) in paragraph at lines 106--114
 [][] 
 []

[20]
Underfull \vbox (badness 10000) has occurred while \output is active []

 [21 <./images/heat_maps/2_naked/a_2_naked_v0.png> <./images/heat_maps/2_naked/
a_2_naked_v1.png> <./images/heat_maps/2_naked/a_2_naked_v2.png> <./images/heat_
maps/2_naked/a_2_naked_v3.png> <./images/heat_maps/2_naked/a_2_naked_v4.png> <.
/images/heat_maps/2_naked/b_2_naked_v0.png>]
<images/SOM_graphics/17x17_4d_naked_v0/all.png, id=567, 462.528pt x 346.896pt>
File: images/SOM_graphics/17x17_4d_naked_v0/all.png Graphic file (type png)

<use images/SOM_graphics/17x17_4d_naked_v0/all.png>
Package pdftex.def Info: images/SOM_graphics/17x17_4d_naked_v0/all.png used on 
input line 171.
(pdftex.def)             Requested size: 450.0pt x 337.51558pt.

<images/SOM_graphics/17x17_4d_naked_v0/a.png, id=568, 462.528pt x 346.896pt>
File: images/SOM_graphics/17x17_4d_naked_v0/a.png Graphic file (type png)

<use images/SOM_graphics/17x17_4d_naked_v0/a.png>
Package pdftex.def Info: images/SOM_graphics/17x17_4d_naked_v0/a.png used on in
put line 178.
(pdftex.def)             Requested size: 450.0pt x 337.51558pt.
 [22]

LaTeX Warning: Text page 23 contains only floats.


Underfull \vbox (badness 4001) has occurred while \output is active []

 [23 <./images/SOM_graphics/17x17_4d_naked_v0/all.png>]

LaTeX Warning: Text page 24 contains only floats.


Underfull \vbox (badness 4001) has occurred while \output is active []

 [24 <./images/SOM_graphics/17x17_4d_naked_v0/a.png>]
<images/heat_maps/2_ds/a_2_ds_v0.png, id=590, 462.528pt x 346.896pt>
File: images/heat_maps/2_ds/a_2_ds_v0.png Graphic file (type png)

<use images/heat_maps/2_ds/a_2_ds_v0.png>
Package pdftex.def Info: images/heat_maps/2_ds/a_2_ds_v0.png used on input line
 218.
(pdftex.def)             Requested size: 142.26378pt x 106.70032pt.

<images/heat_maps/2_ds/a_2_ds_v1.png, id=591, 462.528pt x 346.896pt>
File: images/heat_maps/2_ds/a_2_ds_v1.png Graphic file (type png)

<use images/heat_maps/2_ds/a_2_ds_v1.png>
Package pdftex.def Info: images/heat_maps/2_ds/a_2_ds_v1.png used on input line
 219.
(pdftex.def)             Requested size: 142.26378pt x 106.70032pt.

<images/heat_maps/2_ds/a_2_ds_v2.png, id=592, 462.528pt x 346.896pt>
File: images/heat_maps/2_ds/a_2_ds_v2.png Graphic file (type png)

<use images/heat_maps/2_ds/a_2_ds_v2.png>
Package pdftex.def Info: images/heat_maps/2_ds/a_2_ds_v2.png used on input line
 220.
(pdftex.def)             Requested size: 142.26378pt x 106.70032pt.

<images/heat_maps/2_ds/a_2_ds_v3.png, id=593, 462.528pt x 346.896pt>
File: images/heat_maps/2_ds/a_2_ds_v3.png Graphic file (type png)

<use images/heat_maps/2_ds/a_2_ds_v3.png>
Package pdftex.def Info: images/heat_maps/2_ds/a_2_ds_v3.png used on input line
 221.
(pdftex.def)             Requested size: 142.26378pt x 106.70032pt.

<images/heat_maps/2_ds/a_2_ds_v4.png, id=594, 462.528pt x 346.896pt>
File: images/heat_maps/2_ds/a_2_ds_v4.png Graphic file (type png)

<use images/heat_maps/2_ds/a_2_ds_v4.png>
Package pdftex.def Info: images/heat_maps/2_ds/a_2_ds_v4.png used on input line
 222.
(pdftex.def)             Requested size: 142.26378pt x 106.70032pt.

<images/heat_maps/2_ds/b_2_ds_v0.png, id=595, 462.528pt x 346.896pt>
File: images/heat_maps/2_ds/b_2_ds_v0.png Graphic file (type png)

<use images/heat_maps/2_ds/b_2_ds_v0.png>
Package pdftex.def Info: images/heat_maps/2_ds/b_2_ds_v0.png used on input line
 223.
(pdftex.def)             Requested size: 142.26378pt x 106.70032pt.

Overfull \hbox (12.79134pt too wide) in paragraph at lines 217--225
 [][] 
 []

[25 <./images/heat_maps/2_ds/a_2_ds_v0.png> <./images/heat_maps/2_ds/a_2_ds_v1.
png> <./images/heat_maps/2_ds/a_2_ds_v2.png> <./images/heat_maps/2_ds/a_2_ds_v3
.png> <./images/heat_maps/2_ds/a_2_ds_v4.png> <./images/heat_maps/2_ds/b_2_ds_v
0.png>]
<images/SOM_graphics/17x17_4d_ds_v0/c.png, id=618, 462.528pt x 346.896pt>
File: images/SOM_graphics/17x17_4d_ds_v0/c.png Graphic file (type png)

<use images/SOM_graphics/17x17_4d_ds_v0/c.png>
Package pdftex.def Info: images/SOM_graphics/17x17_4d_ds_v0/c.png used on input
 line 259.
(pdftex.def)             Requested size: 450.0pt x 337.51558pt.

<images/SOM_graphics/17x17_4d_ds_v0/d.png, id=619, 462.528pt x 346.896pt>
File: images/SOM_graphics/17x17_4d_ds_v0/d.png Graphic file (type png)

<use images/SOM_graphics/17x17_4d_ds_v0/d.png>
Package pdftex.def Info: images/SOM_graphics/17x17_4d_ds_v0/d.png used on input
 line 266.
(pdftex.def)             Requested size: 450.0pt x 337.51558pt.
 [26]

LaTeX Warning: Text page 27 contains only floats.


Underfull \vbox (badness 4001) has occurred while \output is active []

 [27 <./images/SOM_graphics/17x17_4d_ds_v0/c.png>] [28 <./images/SOM_graphics/1
7x17_4d_ds_v0/d.png>]
Underfull \hbox (badness 10000) in paragraph at lines 325--326

 []


<images/heat_maps/2_noise_01/a_2_noise_01_v0.png, id=641, 462.528pt x 346.896pt
>
File: images/heat_maps/2_noise_01/a_2_noise_01_v0.png Graphic file (type png)
 <use images/heat_maps/2_noise_01/a_2_noise_01_v0.png>
Package pdftex.def Info: images/heat_maps/2_noise_01/a_2_noise_01_v0.png used o
n input line 330.
(pdftex.def)             Requested size: 85.35826pt x 64.01595pt.

<images/heat_maps/2_noise_01/a_2_noise_01_v1.png, id=642, 462.528pt x 346.896pt
>
File: images/heat_maps/2_noise_01/a_2_noise_01_v1.png Graphic file (type png)
 <use images/heat_maps/2_noise_01/a_2_noise_01_v1.png>
Package pdftex.def Info: images/heat_maps/2_noise_01/a_2_noise_01_v1.png used o
n input line 331.
(pdftex.def)             Requested size: 85.35826pt x 64.01595pt.

<images/heat_maps/2_noise_01/a_2_noise_01_v2.png, id=643, 462.528pt x 346.896pt
>
File: images/heat_maps/2_noise_01/a_2_noise_01_v2.png Graphic file (type png)
 <use images/heat_maps/2_noise_01/a_2_noise_01_v2.png>
Package pdftex.def Info: images/heat_maps/2_noise_01/a_2_noise_01_v2.png used o
n input line 332.
(pdftex.def)             Requested size: 85.35826pt x 64.01595pt.

<images/heat_maps/2_noise_01/a_2_noise_01_v3.png, id=644, 462.528pt x 346.896pt
>
File: images/heat_maps/2_noise_01/a_2_noise_01_v3.png Graphic file (type png)
 <use images/heat_maps/2_noise_01/a_2_noise_01_v3.png>
Package pdftex.def Info: images/heat_maps/2_noise_01/a_2_noise_01_v3.png used o
n input line 334.
(pdftex.def)             Requested size: 85.35826pt x 64.01595pt.

<images/heat_maps/2_noise_01/a_2_noise_01_v4.png, id=645, 462.528pt x 346.896pt
>
File: images/heat_maps/2_noise_01/a_2_noise_01_v4.png Graphic file (type png)
 <use images/heat_maps/2_noise_01/a_2_noise_01_v4.png>
Package pdftex.def Info: images/heat_maps/2_noise_01/a_2_noise_01_v4.png used o
n input line 335.
(pdftex.def)             Requested size: 85.35826pt x 64.01595pt.

<images/heat_maps/2_noise_02/a_2_noise_02_v0.png, id=646, 462.528pt x 346.896pt
>
File: images/heat_maps/2_noise_02/a_2_noise_02_v0.png Graphic file (type png)
 <use images/heat_maps/2_noise_02/a_2_noise_02_v0.png>
Package pdftex.def Info: images/heat_maps/2_noise_02/a_2_noise_02_v0.png used o
n input line 336.
(pdftex.def)             Requested size: 85.35826pt x 64.01595pt.

<images/heat_maps/2_noise_02/a_2_noise_02_v1.png, id=647, 462.528pt x 346.896pt
>
File: images/heat_maps/2_noise_02/a_2_noise_02_v1.png Graphic file (type png)
 <use images/heat_maps/2_noise_02/a_2_noise_02_v1.png>
Package pdftex.def Info: images/heat_maps/2_noise_02/a_2_noise_02_v1.png used o
n input line 337.
(pdftex.def)             Requested size: 85.35826pt x 64.01595pt.

<images/heat_maps/2_noise_02/a_2_noise_02_v2.png, id=648, 462.528pt x 346.896pt
>
File: images/heat_maps/2_noise_02/a_2_noise_02_v2.png Graphic file (type png)
 <use images/heat_maps/2_noise_02/a_2_noise_02_v2.png>
Package pdftex.def Info: images/heat_maps/2_noise_02/a_2_noise_02_v2.png used o
n input line 338.
(pdftex.def)             Requested size: 85.35826pt x 64.01595pt.

<images/heat_maps/2_noise_02/a_2_noise_02_v3.png, id=649, 462.528pt x 346.896pt
>
File: images/heat_maps/2_noise_02/a_2_noise_02_v3.png Graphic file (type png)
 <use images/heat_maps/2_noise_02/a_2_noise_02_v3.png>
Package pdftex.def Info: images/heat_maps/2_noise_02/a_2_noise_02_v3.png used o
n input line 340.
(pdftex.def)             Requested size: 85.35826pt x 64.01595pt.

<images/heat_maps/2_noise_02/a_2_noise_02_v4.png, id=650, 462.528pt x 346.896pt
>
File: images/heat_maps/2_noise_02/a_2_noise_02_v4.png Graphic file (type png)
 <use images/heat_maps/2_noise_02/a_2_noise_02_v4.png>
Package pdftex.def Info: images/heat_maps/2_noise_02/a_2_noise_02_v4.png used o
n input line 341.
(pdftex.def)             Requested size: 85.35826pt x 64.01595pt.

<images/heat_maps/2_noise_03/a_2_noise_03_v0.png, id=651, 462.528pt x 346.896pt
>
File: images/heat_maps/2_noise_03/a_2_noise_03_v0.png Graphic file (type png)
 <use images/heat_maps/2_noise_03/a_2_noise_03_v0.png>
Package pdftex.def Info: images/heat_maps/2_noise_03/a_2_noise_03_v0.png used o
n input line 342.
(pdftex.def)             Requested size: 85.35826pt x 64.01595pt.

<images/heat_maps/2_noise_03/a_2_noise_03_v1.png, id=652, 462.528pt x 346.896pt
>
File: images/heat_maps/2_noise_03/a_2_noise_03_v1.png Graphic file (type png)
 <use images/heat_maps/2_noise_03/a_2_noise_03_v1.png>
Package pdftex.def Info: images/heat_maps/2_noise_03/a_2_noise_03_v1.png used o
n input line 343.
(pdftex.def)             Requested size: 85.35826pt x 64.01595pt.

<images/heat_maps/2_noise_03/a_2_noise_03_v2.png, id=653, 462.528pt x 346.896pt
>
File: images/heat_maps/2_noise_03/a_2_noise_03_v2.png Graphic file (type png)
 <use images/heat_maps/2_noise_03/a_2_noise_03_v2.png>
Package pdftex.def Info: images/heat_maps/2_noise_03/a_2_noise_03_v2.png used o
n input line 344.
(pdftex.def)             Requested size: 85.35826pt x 64.01595pt.

<images/heat_maps/2_noise_03/a_2_noise_03_v3.png, id=654, 462.528pt x 346.896pt
>
File: images/heat_maps/2_noise_03/a_2_noise_03_v3.png Graphic file (type png)
 <use images/heat_maps/2_noise_03/a_2_noise_03_v3.png>
Package pdftex.def Info: images/heat_maps/2_noise_03/a_2_noise_03_v3.png used o
n input line 346.
(pdftex.def)             Requested size: 85.35826pt x 64.01595pt.

<images/heat_maps/2_noise_03/a_2_noise_03_v4.png, id=655, 462.528pt x 346.896pt
>
File: images/heat_maps/2_noise_03/a_2_noise_03_v4.png Graphic file (type png)
 <use images/heat_maps/2_noise_03/a_2_noise_03_v4.png>
Package pdftex.def Info: images/heat_maps/2_noise_03/a_2_noise_03_v4.png used o
n input line 347.
(pdftex.def)             Requested size: 85.35826pt x 64.01595pt.

<images/heat_maps/2_noise_04/a_2_noise_04_v0.png, id=656, 462.528pt x 346.896pt
>
File: images/heat_maps/2_noise_04/a_2_noise_04_v0.png Graphic file (type png)
 <use images/heat_maps/2_noise_04/a_2_noise_04_v0.png>
Package pdftex.def Info: images/heat_maps/2_noise_04/a_2_noise_04_v0.png used o
n input line 348.
(pdftex.def)             Requested size: 85.35826pt x 64.01595pt.

<images/heat_maps/2_noise_04/a_2_noise_04_v1.png, id=657, 462.528pt x 346.896pt
>
File: images/heat_maps/2_noise_04/a_2_noise_04_v1.png Graphic file (type png)
 <use images/heat_maps/2_noise_04/a_2_noise_04_v1.png>
Package pdftex.def Info: images/heat_maps/2_noise_04/a_2_noise_04_v1.png used o
n input line 349.
(pdftex.def)             Requested size: 85.35826pt x 64.01595pt.

<images/heat_maps/2_noise_04/a_2_noise_04_v2.png, id=658, 462.528pt x 346.896pt
>
File: images/heat_maps/2_noise_04/a_2_noise_04_v2.png Graphic file (type png)
 <use images/heat_maps/2_noise_04/a_2_noise_04_v2.png>
Package pdftex.def Info: images/heat_maps/2_noise_04/a_2_noise_04_v2.png used o
n input line 350.
(pdftex.def)             Requested size: 85.35826pt x 64.01595pt.

<images/heat_maps/2_noise_04/a_2_noise_04_v3.png, id=659, 462.528pt x 346.896pt
>
File: images/heat_maps/2_noise_04/a_2_noise_04_v3.png Graphic file (type png)
 <use images/heat_maps/2_noise_04/a_2_noise_04_v3.png>
Package pdftex.def Info: images/heat_maps/2_noise_04/a_2_noise_04_v3.png used o
n input line 352.
(pdftex.def)             Requested size: 85.35826pt x 64.01595pt.

<images/heat_maps/2_noise_04/a_2_noise_04_v4.png, id=660, 462.528pt x 346.896pt
>
File: images/heat_maps/2_noise_04/a_2_noise_04_v4.png Graphic file (type png)
 <use images/heat_maps/2_noise_04/a_2_noise_04_v4.png>
Package pdftex.def Info: images/heat_maps/2_noise_04/a_2_noise_04_v4.png used o
n input line 353.
(pdftex.def)             Requested size: 85.35826pt x 64.01595pt.

Overfull \hbox (36.7913pt too wide) in paragraph at lines 329--355
 [][] 
 []

[29] [30 <./images/heat_maps/2_noise_01/a_2_noise_01_v0.png> <./images/heat_map
s/2_noise_01/a_2_noise_01_v1.png> <./images/heat_maps/2_noise_01/a_2_noise_01_v
2.png> <./images/heat_maps/2_noise_01/a_2_noise_01_v3.png> <./images/heat_maps/
2_noise_01/a_2_noise_01_v4.png> <./images/heat_maps/2_noise_02/a_2_noise_02_v0.
png> <./images/heat_maps/2_noise_02/a_2_noise_02_v1.png> <./images/heat_maps/2_
noise_02/a_2_noise_02_v2.png> <./images/heat_maps/2_noise_02/a_2_noise_02_v3.pn
g> <./images/heat_maps/2_noise_02/a_2_noise_02_v4.png> <./images/heat_maps/2_no
ise_03/a_2_noise_03_v0.png> <./images/heat_maps/2_noise_03/a_2_noise_03_v1.png>
 <./images/heat_maps/2_noise_03/a_2_noise_03_v2.png> <./images/heat_maps/2_nois
e_03/a_2_noise_03_v3.png> <./images/heat_maps/2_noise_03/a_2_noise_03_v4.png> <
./images/heat_maps/2_noise_04/a_2_noise_04_v0.png> <./images/heat_maps/2_noise_
04/a_2_noise_04_v1.png> <./images/heat_maps/2_noise_04/a_2_noise_04_v2.png> <./
images/heat_maps/2_noise_04/a_2_noise_04_v3.png> <./images/heat_maps/2_noise_04
/a_2_noise_04_v4.png>]
Underfull \vbox (badness 10000) has occurred while \output is active []

 [31]
<images/SOM_graphics/17x17_4d_noise_01_v0/a.png, id=729, 462.528pt x 346.896pt>
File: images/SOM_graphics/17x17_4d_noise_01_v0/a.png Graphic file (type png)
<use images/SOM_graphics/17x17_4d_noise_01_v0/a.png>
Package pdftex.def Info: images/SOM_graphics/17x17_4d_noise_01_v0/a.png used on
 input line 415.
(pdftex.def)             Requested size: 450.0pt x 337.51558pt.

<images/SOM_graphics/17x17_4d_noise_02_v0/a.png, id=730, 462.528pt x 346.896pt>
File: images/SOM_graphics/17x17_4d_noise_02_v0/a.png Graphic file (type png)
<use images/SOM_graphics/17x17_4d_noise_02_v0/a.png>
Package pdftex.def Info: images/SOM_graphics/17x17_4d_noise_02_v0/a.png used on
 input line 422.
(pdftex.def)             Requested size: 450.0pt x 337.51558pt.

<images/SOM_graphics/17x17_4d_noise_03_v0/a.png, id=731, 462.528pt x 346.896pt>
File: images/SOM_graphics/17x17_4d_noise_03_v0/a.png Graphic file (type png)
<use images/SOM_graphics/17x17_4d_noise_03_v0/a.png>
Package pdftex.def Info: images/SOM_graphics/17x17_4d_noise_03_v0/a.png used on
 input line 429.
(pdftex.def)             Requested size: 450.0pt x 337.51558pt.

<images/SOM_graphics/17x17_4d_noise_04_v0/a.png, id=732, 462.528pt x 346.896pt>
File: images/SOM_graphics/17x17_4d_noise_04_v0/a.png Graphic file (type png)
<use images/SOM_graphics/17x17_4d_noise_04_v0/a.png>
Package pdftex.def Info: images/SOM_graphics/17x17_4d_noise_04_v0/a.png used on
 input line 436.
(pdftex.def)             Requested size: 450.0pt x 337.51558pt.

<images/SOM_graphics/17x17_4d_noise_01_v0/c.png, id=733, 462.528pt x 346.896pt>
File: images/SOM_graphics/17x17_4d_noise_01_v0/c.png Graphic file (type png)
<use images/SOM_graphics/17x17_4d_noise_01_v0/c.png>
Package pdftex.def Info: images/SOM_graphics/17x17_4d_noise_01_v0/c.png used on
 input line 444.
(pdftex.def)             Requested size: 450.0pt x 337.51558pt.

<images/SOM_graphics/17x17_4d_noise_04_v0/c.png, id=734, 462.528pt x 346.896pt>
File: images/SOM_graphics/17x17_4d_noise_04_v0/c.png Graphic file (type png)
<use images/SOM_graphics/17x17_4d_noise_04_v0/c.png>
Package pdftex.def Info: images/SOM_graphics/17x17_4d_noise_04_v0/c.png used on
 input line 452.
(pdftex.def)             Requested size: 450.0pt x 337.51558pt.
 [32 <./images/SOM_graphics/17x17_4d_noise_01_v0/a.png>] [33 <./images/SOM_grap
hics/17x17_4d_noise_02_v0/a.png>]
Underfull \vbox (badness 10000) has occurred while \output is active []

 [34 <./images/SOM_graphics/17x17_4d_noise_03_v0/a.png>] [35 <./images/SOM_grap
hics/17x17_4d_noise_04_v0/a.png>]
Underfull \vbox (badness 3189) has occurred while \output is active []

 [36 <./images/SOM_graphics/17x17_4d_noise_01_v0/c.png>]
<images/heat_maps/2_repeller/a_2_repeller_v0.png, id=769, 462.528pt x 346.896pt
>
File: images/heat_maps/2_repeller/a_2_repeller_v0.png Graphic file (type png)
 <use images/heat_maps/2_repeller/a_2_repeller_v0.png>
Package pdftex.def Info: images/heat_maps/2_repeller/a_2_repeller_v0.png used o
n input line 572.
(pdftex.def)             Requested size: 142.26378pt x 106.70032pt.

<images/heat_maps/2_repeller/a_2_repeller_v1.png, id=770, 462.528pt x 346.896pt
>
File: images/heat_maps/2_repeller/a_2_repeller_v1.png Graphic file (type png)
 <use images/heat_maps/2_repeller/a_2_repeller_v1.png>
Package pdftex.def Info: images/heat_maps/2_repeller/a_2_repeller_v1.png used o
n input line 573.
(pdftex.def)             Requested size: 142.26378pt x 106.70032pt.

<images/heat_maps/2_repeller/a_2_repeller_v2.png, id=771, 462.528pt x 346.896pt
>
File: images/heat_maps/2_repeller/a_2_repeller_v2.png Graphic file (type png)
 <use images/heat_maps/2_repeller/a_2_repeller_v2.png>
Package pdftex.def Info: images/heat_maps/2_repeller/a_2_repeller_v2.png used o
n input line 574.
(pdftex.def)             Requested size: 142.26378pt x 106.70032pt.

<images/heat_maps/2_repeller/a_2_repeller_v3.png, id=772, 462.528pt x 346.896pt
>
File: images/heat_maps/2_repeller/a_2_repeller_v3.png Graphic file (type png)
 <use images/heat_maps/2_repeller/a_2_repeller_v3.png>
Package pdftex.def Info: images/heat_maps/2_repeller/a_2_repeller_v3.png used o
n input line 575.
(pdftex.def)             Requested size: 142.26378pt x 106.70032pt.

<images/heat_maps/2_repeller/a_2_repeller_v4.png, id=773, 462.528pt x 346.896pt
>
File: images/heat_maps/2_repeller/a_2_repeller_v4.png Graphic file (type png)
 <use images/heat_maps/2_repeller/a_2_repeller_v4.png>
Package pdftex.def Info: images/heat_maps/2_repeller/a_2_repeller_v4.png used o
n input line 576.
(pdftex.def)             Requested size: 142.26378pt x 106.70032pt.

<images/heat_maps/2_repeller/b_2_repeller_v0.png, id=774, 462.528pt x 346.896pt
>
File: images/heat_maps/2_repeller/b_2_repeller_v0.png Graphic file (type png)
 <use images/heat_maps/2_repeller/b_2_repeller_v0.png>
Package pdftex.def Info: images/heat_maps/2_repeller/b_2_repeller_v0.png used o
n input line 577.
(pdftex.def)             Requested size: 142.26378pt x 106.70032pt.

Overfull \hbox (12.79134pt too wide) in paragraph at lines 571--579
 [][] 
 []


Underfull \hbox (badness 10000) in paragraph at lines 607--608

 []

[37 <./images/SOM_graphics/17x17_4d_noise_04_v0/c.png>]
Underfull \vbox (badness 10000) has occurred while \output is active []

 [38]
<images/SOM_graphics/17x17_4d_repeller_v0/x.png, id=788, 462.528pt x 346.896pt>
File: images/SOM_graphics/17x17_4d_repeller_v0/x.png Graphic file (type png)
<use images/SOM_graphics/17x17_4d_repeller_v0/x.png>
Package pdftex.def Info: images/SOM_graphics/17x17_4d_repeller_v0/x.png used on
 input line 611.
(pdftex.def)             Requested size: 450.0pt x 337.51558pt.

<images/SOM_graphics/17x17_4d_repeller_v0/d.png, id=789, 462.528pt x 346.896pt>
File: images/SOM_graphics/17x17_4d_repeller_v0/d.png Graphic file (type png)
<use images/SOM_graphics/17x17_4d_repeller_v0/d.png>
Package pdftex.def Info: images/SOM_graphics/17x17_4d_repeller_v0/d.png used on
 input line 618.
(pdftex.def)             Requested size: 450.0pt x 337.51558pt.

Underfull \vbox (badness 10000) has occurred while \output is active []

 [39]
Underfull \vbox (badness 4120) has occurred while \output is active []

 [40 <./images/heat_maps/2_repeller/a_2_repeller_v0.png> <./images/heat_maps/2_
repeller/a_2_repeller_v1.png> <./images/heat_maps/2_repeller/a_2_repeller_v2.pn
g> <./images/heat_maps/2_repeller/a_2_repeller_v3.png> <./images/heat_maps/2_re
peller/a_2_repeller_v4.png> <./images/heat_maps/2_repeller/b_2_repeller_v0.png>
] [41 <./images/SOM_graphics/17x17_4d_repeller_v0/x.png>] [42 <./images/SOM_gra
phics/17x17_4d_repeller_v0/d.png>] [43] [44]
Underfull \vbox (badness 2478) has occurred while \output is active []

 [45]
[46] [47] [48] [49] [50] [51] [52]) [53]
\openout2 = `chapters/Conclusion.aux'.

 (./chapters/Conclusion.tex [54




]
chapter 5.

Underfull \hbox (badness 10000) in paragraph at lines 69--80

 []

[55]
Underfull \hbox (badness 10000) in paragraph at lines 86--87

 []


Underfull \vbox (badness 10000) has occurred while \output is active []

 [56]
Underfull \hbox (badness 10000) in paragraph at lines 88--89

 []


Underfull \hbox (badness 10000) in paragraph at lines 90--91

 []


Underfull \hbox (badness 10000) in paragraph at lines 96--98

 []

) [57] [58] (./Bachelor_Kogni_Marius_Hobbhahn_2018.bbl
chapter 6.
[59



]) [60]
\openout2 = `chapters/Declaration.aux'.

 (./chapters/Declaration.tex
Underfull \hbox (badness 10000) in paragraph at lines 5--8

 []


Underfull \hbox (badness 10000) in paragraph at lines 5--8

 []

) [61



]
No file Bachelor_Kogni_Marius_Hobbhahn_2018.ind.
Package atveryend Info: Empty hook `BeforeClearDocument' on input line 193.
Package atveryend Info: Empty hook `AfterLastShipout' on input line 193.
(./Bachelor_Kogni_Marius_Hobbhahn_2018.aux (./chapters/Cover.aux)
(./chapters/Abstract.aux) (./chapters/Introduction.aux) (./chapters/Theory.aux)
(./chapters/ICGM.aux) (./chapters/Experiments.aux) (./chapters/Conclusion.aux)
(./chapters/Declaration.aux))
Package atveryend Info: Executing hook `AtVeryEndDocument' on input line 193.
Package atveryend Info: Executing hook `AtEndAfterFileList' on input line 193.
Package rerunfilecheck Info: File `Bachelor_Kogni_Marius_Hobbhahn_2018.out' has
 not changed.
(rerunfilecheck)             Checksum: 2DDDC3814D149CE4785E3B69F2B7B0C0;3658.
Package atveryend Info: Empty hook `AtVeryVeryEnd' on input line 193.
 ) 
Here is how much of TeX's memory you used:
 34418 strings out of 493029
 763153 string characters out of 6136233
 1021629 words of memory out of 5000000
 36863 multiletter control sequences out of 15000+600000
 71764 words of font info for 148 fonts, out of 8000000 for 9000
 1141 hyphenation exceptions out of 8191
 75i,17n,81p,2245b,609s stack positions out of 5000i,500n,10000p,200000b,80000s
pdfTeX warning (dest): name{Hfootnote.1} has been referenced but does not exi
st, replaced by a fixed one

</usr/share/texlive/texmf-dist/fonts/type1/public/amsfonts/cm/cmbx10.pfb></usr/
share/texlive/texmf-dist/fonts/type1/public/amsfonts/cm/cmbx12.pfb></usr/share/
texlive/texmf-dist/fonts/type1/public/amsfonts/cm/cmbx8.pfb></usr/share/texlive
/texmf-dist/fonts/type1/public/amsfonts/cm/cmcsc10.pfb></usr/share/texlive/texm
f-dist/fonts/type1/public/amsfonts/cm/cmex10.pfb></usr/share/texlive/texmf-dist
/fonts/type1/public/amsfonts/cmextra/cmex8.pfb></usr/share/texlive/texmf-dist/f
onts/type1/public/amsfonts/cm/cmmi12.pfb></usr/share/texlive/texmf-dist/fonts/t
ype1/public/amsfonts/cm/cmmi6.pfb></usr/share/texlive/texmf-dist/fonts/type1/pu
blic/amsfonts/cm/cmmi8.pfb></usr/share/texlive/texmf-dist/fonts/type1/public/am
sfonts/cm/cmr10.pfb></usr/share/texlive/texmf-dist/fonts/type1/public/amsfonts/
cm/cmr12.pfb></usr/share/texlive/texmf-dist/fonts/type1/public/amsfonts/cm/cmr1
7.pfb></usr/share/texlive/texmf-dist/fonts/type1/public/amsfonts/cm/cmr7.pfb></
usr/share/texlive/texmf-dist/fonts/type1/public/amsfonts/cm/cmr8.pfb></usr/shar
e/texlive/texmf-dist/fonts/type1/public/amsfonts/cm/cmss10.pfb></usr/share/texl
ive/texmf-dist/fonts/type1/public/amsfonts/cm/cmss8.pfb></usr/share/texlive/tex
mf-dist/fonts/type1/public/amsfonts/cm/cmssbx10.pfb></usr/share/texlive/texmf-d
ist/fonts/type1/public/amsfonts/cm/cmsy10.pfb></usr/share/texlive/texmf-dist/fo
nts/type1/public/amsfonts/cm/cmsy8.pfb></usr/share/texlive/texmf-dist/fonts/typ
e1/public/amsfonts/cm/cmti12.pfb></usr/share/texlive/texmf-dist/fonts/type1/pub
lic/amsfonts/cm/cmtt10.pfb></usr/share/texlive/texmf-dist/fonts/type1/public/am
sfonts/cm/cmtt12.pfb>
Output written on Bachelor_Kogni_Marius_Hobbhahn_2018.pdf (68 pages, 3387459 by
tes).
PDF statistics:
 1088 PDF objects out of 1200 (max. 8388607)
 871 compressed objects within 9 object streams
 272 named destinations out of 1000 (max. 500000)
 743 words of extra memory for PDF output out of 10000 (max. 10000000)

